#! /usr/bin/vvp
:ivl_version "0.9.7 " "(v0_9_7)";
:vpi_time_precision + 0;
:vpi_module "system";
:vpi_module "v2005_math";
:vpi_module "va_math";
S_0x1aa1930 .scope module, "ff" "ff" 2 1;
 .timescale 0 0;
v0x1ab2e80_0 .net "c", 0 0, C4<z>; 0 drivers
v0x1ae1760_0 .net "data", 0 0, C4<z>; 0 drivers
v0x1ae1800_0 .var "q", 0 0;
v0x1ae18a0_0 .net "r", 0 0, C4<z>; 0 drivers
E_0x1aa5500/0 .event negedge, v0x1ae18a0_0;
E_0x1aa5500/1 .event posedge, v0x1ab2e80_0;
E_0x1aa5500 .event/or E_0x1aa5500/0, E_0x1aa5500/1;
S_0x1aad7b0 .scope module, "main" "main" 2 185;
 .timescale 0 0;
v0x1ae6520_0 .var *"_s0", 0 0; Local signal
v0x1ae65a0_0 .var "c", 0 0;
v0x1ae6620_0 .net "moeda", 4 0, v0x1ae20d0_0; 1 drivers
v0x1ae66a0_0 .net "next", 0 0, L_0x1ae6d50; 1 drivers
v0x1ae6720_0 .net "ptr", 4 0, v0x1ae2f50_0; 1 drivers
v0x1ae67a0_0 .var "res", 0 0;
v0x1ae6870_0 .net "soma", 5 0, v0x1ae6200_0; 1 drivers
v0x1ae6940_0 .net "vendeu", 0 0, L_0x1ae7800; 1 drivers
S_0x1ae4500 .scope module, "v" "venda" 2 192, 2 52, S_0x1aad7b0;
 .timescale 0 0;
P_0x1ae4778 .param/l "init" 2 59, C4<000>;
P_0x1ae47a0 .param/l "pedido" 2 59, C4<001>;
P_0x1ae47c8 .param/l "proxima" 2 59, C4<100>;
P_0x1ae47f0 .param/l "somar" 2 59, C4<010>;
P_0x1ae4818 .param/l "venda" 2 59, C4<011>;
v0x1ae4d50_0 .net *"_s0", 3 0, L_0x1ae6a60; 1 drivers
v0x1ae4e10_0 .net/s *"_s10", 0 0, C4<0>; 1 drivers
v0x1ae4eb0_0 .net *"_s14", 3 0, L_0x1ae6f20; 1 drivers
v0x1ae4f50_0 .net *"_s17", 1 0, C4<00>; 1 drivers
v0x1ae5000_0 .net *"_s18", 3 0, C4<0000>; 1 drivers
v0x1ae50a0_0 .net *"_s20", 0 0, L_0x1ae7120; 1 drivers
v0x1ae5180_0 .net/s *"_s22", 0 0, C4<0>; 1 drivers
v0x1ae5220_0 .net/s *"_s24", 0 0, C4<1>; 1 drivers
v0x1ae5310_0 .net *"_s28", 3 0, L_0x1ae7510; 1 drivers
v0x1ae53b0_0 .net *"_s3", 1 0, C4<00>; 1 drivers
v0x1ae5450_0 .net *"_s31", 1 0, C4<00>; 1 drivers
v0x1ae54f0_0 .net *"_s32", 3 0, C4<0011>; 1 drivers
v0x1ae5590_0 .net *"_s34", 0 0, L_0x1ae7680; 1 drivers
v0x1ae5630_0 .net/s *"_s36", 0 0, C4<1>; 1 drivers
v0x1ae5750_0 .net/s *"_s38", 0 0, C4<0>; 1 drivers
v0x1ae57f0_0 .net *"_s4", 3 0, C4<0001>; 1 drivers
v0x1ae56b0_0 .net *"_s42", 3 0, L_0x1ae7990; 1 drivers
v0x1ae5940_0 .net *"_s45", 1 0, C4<00>; 1 drivers
v0x1ae5a60_0 .net *"_s46", 3 0, C4<0010>; 1 drivers
v0x1ae5ae0_0 .net *"_s48", 0 0, L_0x1ae7bc0; 1 drivers
v0x1ae59c0_0 .net/s *"_s50", 0 0, C4<1>; 1 drivers
v0x1ae5c10_0 .net/s *"_s52", 0 0, C4<0>; 1 drivers
v0x1ae5b60_0 .net *"_s6", 0 0, L_0x1ae6b90; 1 drivers
v0x1ae5d50_0 .net/s *"_s8", 0 0, C4<1>; 1 drivers
v0x1ae5cb0_0 .net "clk", 0 0, v0x1ae65a0_0; 1 drivers
v0x1ae5f30_0 .net "enS", 0 0, L_0x1ae7dc0; 1 drivers
v0x1ae5dd0_0 .alias "moeda", 4 0, v0x1ae6620_0;
v0x1ae6090_0 .alias "next", 0 0, v0x1ae66a0_0;
v0x1ae5fb0_0 .net "reset", 0 0, v0x1ae67a0_0; 1 drivers
v0x1ae6200_0 .var "soma", 5 0;
v0x1ae6110_0 .net "sout", 5 0, v0x1ae4c20_0; 1 drivers
v0x1ae6380_0 .net "sreset", 0 0, L_0x1ae7330; 1 drivers
v0x1ae6280_0 .var "state", 1 0;
v0x1ae6300_0 .alias "vendeu", 0 0, v0x1ae6940_0;
E_0x1ae2560/0 .event negedge, v0x1ae4cd0_0, v0x1ae4200_0;
E_0x1ae2560/1 .event posedge, v0x1ae1ed0_0;
E_0x1ae2560 .event/or E_0x1ae2560/0, E_0x1ae2560/1;
L_0x1ae6a60 .concat [ 2 2 0 0], v0x1ae6280_0, C4<00>;
L_0x1ae6b90 .cmp/eq 4, L_0x1ae6a60, C4<0001>;
L_0x1ae6d50 .functor MUXZ 1, C4<0>, C4<1>, L_0x1ae6b90, C4<>;
L_0x1ae6f20 .concat [ 2 2 0 0], v0x1ae6280_0, C4<00>;
L_0x1ae7120 .cmp/eq 4, L_0x1ae6f20, C4<0000>;
L_0x1ae7330 .functor MUXZ 1, C4<1>, C4<0>, L_0x1ae7120, C4<>;
L_0x1ae7510 .concat [ 2 2 0 0], v0x1ae6280_0, C4<00>;
L_0x1ae7680 .cmp/eq 4, L_0x1ae7510, C4<0011>;
L_0x1ae7800 .functor MUXZ 1, C4<0>, C4<1>, L_0x1ae7680, C4<>;
L_0x1ae7990 .concat [ 2 2 0 0], v0x1ae6280_0, C4<00>;
L_0x1ae7bc0 .cmp/eq 4, L_0x1ae7990, C4<0010>;
L_0x1ae7dc0 .functor MUXZ 1, C4<0>, C4<1>, L_0x1ae7bc0, C4<>;
S_0x1ae48d0 .scope module, "saldo" "reg6" 2 67, 2 13, S_0x1ae4500;
 .timescale 0 0;
v0x1ae4a30_0 .alias "clk", 0 0, v0x1ae5cb0_0;
v0x1ae4ad0_0 .alias "data", 5 0, v0x1ae6870_0;
v0x1ae4b70_0 .alias "en", 0 0, v0x1ae66a0_0;
v0x1ae4c20_0 .var "q", 5 0;
v0x1ae4cd0_0 .alias "rst", 0 0, v0x1ae6380_0;
E_0x1ae49c0/0 .event negedge, v0x1ae4cd0_0;
E_0x1ae49c0/1 .event posedge, v0x1ae1ed0_0;
E_0x1ae49c0 .event/or E_0x1ae49c0/0, E_0x1ae49c0/1;
S_0x1ae1950 .scope module, "cmp" "compra" 2 193, 2 104, S_0x1aad7b0;
 .timescale 0 0;
P_0x1ae1a48 .param/l "esperaN0" 2 113, C4<011>;
P_0x1ae1a70 .param/l "esperaN1" 2 113, C4<100>;
P_0x1ae1a98 .param/l "incrPtr" 2 113, C4<010>;
P_0x1ae1ac0 .param/l "init" 2 113, C4<000>;
P_0x1ae1ae8 .param/l "readmem" 2 113, C4<001>;
v0x1ae30d0_0 .net *"_s0", 3 0, L_0x1ae7f50; 1 drivers
v0x1ae3150_0 .net/s *"_s10", 0 0, C4<1>; 1 drivers
v0x1ae31f0_0 .net *"_s14", 3 0, L_0x1ae8470; 1 drivers
v0x1ae3290_0 .net *"_s17", 1 0, C4<00>; 1 drivers
v0x1ae3310_0 .net *"_s18", 3 0, C4<0001>; 1 drivers
v0x1ae33b0_0 .net *"_s20", 0 0, L_0x1ae8290; 1 drivers
v0x1ae3490_0 .net/s *"_s22", 0 0, C4<1>; 1 drivers
v0x1ae3530_0 .net/s *"_s24", 0 0, C4<0>; 1 drivers
v0x1ae3620_0 .net *"_s28", 3 0, L_0x1ae8a60; 1 drivers
v0x1ae36c0_0 .net *"_s3", 1 0, C4<00>; 1 drivers
v0x1ae37c0_0 .net *"_s31", 1 0, C4<00>; 1 drivers
v0x1ae3860_0 .net *"_s32", 3 0, C4<0010>; 1 drivers
v0x1ae3970_0 .net *"_s34", 0 0, L_0x1ae8810; 1 drivers
v0x1ae3a10_0 .net/s *"_s36", 0 0, C4<1>; 1 drivers
v0x1ae3b30_0 .net/s *"_s38", 0 0, C4<0>; 1 drivers
v0x1ae3bd0_0 .net *"_s4", 3 0, C4<0000>; 1 drivers
v0x1ae3a90_0 .net *"_s6", 0 0, L_0x1ae8160; 1 drivers
v0x1ae3d20_0 .net/s *"_s8", 0 0, C4<0>; 1 drivers
v0x1ae3e40_0 .alias "clk", 0 0, v0x1ae5cb0_0;
v0x1ae3ec0_0 .net "enN", 0 0, L_0x1ae8630; 1 drivers
v0x1ae3da0_0 .net "inc", 0 0, L_0x1ae8bd0; 1 drivers
v0x1ae3ff0_0 .alias "moeda", 4 0, v0x1ae6620_0;
v0x1ae3f40_0 .net "moedaIN", 4 0, v0x1ae24c0_0; 1 drivers
v0x1ae4180_0 .alias "next", 0 0, v0x1ae66a0_0;
v0x1ae4070_0 .var "ptrIN", 4 0;
v0x1ae4320_0 .alias "ptrOUT", 4 0, v0x1ae6720_0;
v0x1ae4200_0 .alias "reset", 0 0, v0x1ae5fb0_0;
v0x1ae4480_0 .net "rst", 0 0, L_0x1ae80c0; 1 drivers
v0x1ae43a0_0 .var "state", 1 0;
v0x1ae45f0_0 .alias "vendeu", 0 0, v0x1ae6940_0;
E_0x1ae1d20/0 .event negedge, v0x1ae4200_0;
E_0x1ae1d20/1 .event posedge, v0x1ae1ed0_0;
E_0x1ae1d20 .event/or E_0x1ae1d20/0, E_0x1ae1d20/1;
L_0x1ae7f50 .concat [ 2 2 0 0], v0x1ae43a0_0, C4<00>;
L_0x1ae8160 .cmp/eq 4, L_0x1ae7f50, C4<0000>;
L_0x1ae80c0 .functor MUXZ 1, C4<1>, C4<0>, L_0x1ae8160, C4<>;
L_0x1ae8470 .concat [ 2 2 0 0], v0x1ae43a0_0, C4<00>;
L_0x1ae8290 .cmp/eq 4, L_0x1ae8470, C4<0001>;
L_0x1ae8630 .functor MUXZ 1, C4<0>, C4<1>, L_0x1ae8290, C4<>;
L_0x1ae8a60 .concat [ 2 2 0 0], v0x1ae43a0_0, C4<00>;
L_0x1ae8810 .cmp/eq 4, L_0x1ae8a60, C4<0010>;
L_0x1ae8bd0 .functor MUXZ 1, C4<0>, C4<1>, L_0x1ae8810, C4<>;
S_0x1ae2c80 .scope module, "PTR" "reg5" 2 116, 2 25, S_0x1ae1950;
 .timescale 0 0;
v0x1ae2d70_0 .alias "clk", 0 0, v0x1ae5cb0_0;
v0x1ae2e20_0 .net "data", 4 0, v0x1ae4070_0; 1 drivers
v0x1ae2ed0_0 .alias "en", 0 0, v0x1ae3da0_0;
v0x1ae2f50_0 .var "q", 4 0;
v0x1ae3000_0 .alias "rst", 0 0, v0x1ae4480_0;
S_0x1ae2220 .scope module, "mem" "memoria" 2 117, 2 159, S_0x1ae1950;
 .timescale 0 0;
v0x1ae24c0_0 .var "dout", 4 0;
v0x1ae2590_0 .alias "line", 4 0, v0x1ae2e20_0;
v0x1ae2610 .array "memory", 31 0, 4 0;
v0x1ae2ba0_0 .alias "reset", 0 0, v0x1ae4480_0;
E_0x1ae2310 .event posedge, v0x1ae2180_0;
v0x1ae2610_0 .array/port v0x1ae2610, 0;
v0x1ae2610_1 .array/port v0x1ae2610, 1;
v0x1ae2610_2 .array/port v0x1ae2610, 2;
E_0x1ae2380/0 .event edge, v0x1ae2590_0, v0x1ae2610_0, v0x1ae2610_1, v0x1ae2610_2;
v0x1ae2610_3 .array/port v0x1ae2610, 3;
v0x1ae2610_4 .array/port v0x1ae2610, 4;
v0x1ae2610_5 .array/port v0x1ae2610, 5;
v0x1ae2610_6 .array/port v0x1ae2610, 6;
E_0x1ae2380/1 .event edge, v0x1ae2610_3, v0x1ae2610_4, v0x1ae2610_5, v0x1ae2610_6;
v0x1ae2610_7 .array/port v0x1ae2610, 7;
v0x1ae2610_8 .array/port v0x1ae2610, 8;
v0x1ae2610_9 .array/port v0x1ae2610, 9;
v0x1ae2610_10 .array/port v0x1ae2610, 10;
E_0x1ae2380/2 .event edge, v0x1ae2610_7, v0x1ae2610_8, v0x1ae2610_9, v0x1ae2610_10;
v0x1ae2610_11 .array/port v0x1ae2610, 11;
v0x1ae2610_12 .array/port v0x1ae2610, 12;
v0x1ae2610_13 .array/port v0x1ae2610, 13;
v0x1ae2610_14 .array/port v0x1ae2610, 14;
E_0x1ae2380/3 .event edge, v0x1ae2610_11, v0x1ae2610_12, v0x1ae2610_13, v0x1ae2610_14;
v0x1ae2610_15 .array/port v0x1ae2610, 15;
v0x1ae2610_16 .array/port v0x1ae2610, 16;
v0x1ae2610_17 .array/port v0x1ae2610, 17;
v0x1ae2610_18 .array/port v0x1ae2610, 18;
E_0x1ae2380/4 .event edge, v0x1ae2610_15, v0x1ae2610_16, v0x1ae2610_17, v0x1ae2610_18;
v0x1ae2610_19 .array/port v0x1ae2610, 19;
v0x1ae2610_20 .array/port v0x1ae2610, 20;
v0x1ae2610_21 .array/port v0x1ae2610, 21;
v0x1ae2610_22 .array/port v0x1ae2610, 22;
E_0x1ae2380/5 .event edge, v0x1ae2610_19, v0x1ae2610_20, v0x1ae2610_21, v0x1ae2610_22;
v0x1ae2610_23 .array/port v0x1ae2610, 23;
v0x1ae2610_24 .array/port v0x1ae2610, 24;
v0x1ae2610_25 .array/port v0x1ae2610, 25;
v0x1ae2610_26 .array/port v0x1ae2610, 26;
E_0x1ae2380/6 .event edge, v0x1ae2610_23, v0x1ae2610_24, v0x1ae2610_25, v0x1ae2610_26;
v0x1ae2610_27 .array/port v0x1ae2610, 27;
v0x1ae2610_28 .array/port v0x1ae2610, 28;
v0x1ae2610_29 .array/port v0x1ae2610, 29;
v0x1ae2610_30 .array/port v0x1ae2610, 30;
E_0x1ae2380/7 .event edge, v0x1ae2610_27, v0x1ae2610_28, v0x1ae2610_29, v0x1ae2610_30;
v0x1ae2610_31 .array/port v0x1ae2610, 31;
E_0x1ae2380/8 .event edge, v0x1ae2610_31;
E_0x1ae2380 .event/or E_0x1ae2380/0, E_0x1ae2380/1, E_0x1ae2380/2, E_0x1ae2380/3, E_0x1ae2380/4, E_0x1ae2380/5, E_0x1ae2380/6, E_0x1ae2380/7, E_0x1ae2380/8;
S_0x1ae1d70 .scope module, "m" "reg5" 2 118, 2 25, S_0x1ae1950;
 .timescale 0 0;
v0x1ae1ed0_0 .alias "clk", 0 0, v0x1ae5cb0_0;
v0x1ae1f90_0 .alias "data", 4 0, v0x1ae3f40_0;
v0x1ae2030_0 .alias "en", 0 0, v0x1ae3ec0_0;
v0x1ae20d0_0 .var "q", 4 0;
v0x1ae2180_0 .alias "rst", 0 0, v0x1ae4480_0;
E_0x1ae1e60/0 .event negedge, v0x1ae2180_0;
E_0x1ae1e60/1 .event posedge, v0x1ae1ed0_0;
E_0x1ae1e60 .event/or E_0x1ae1e60/0, E_0x1ae1e60/1;
    .scope S_0x1aa1930;
T_0 ;
    %wait E_0x1aa5500;
    %load/v 8, v0x1ae18a0_0, 1;
    %cmpi/u 8, 0, 1;
    %jmp/0xz  T_0.0, 4;
    %ix/load 0, 1, 0;
    %assign/v0 v0x1ae1800_0, 0, 0;
    %jmp T_0.1;
T_0.0 ;
    %load/v 8, v0x1ae1760_0, 1;
    %ix/load 0, 1, 0;
    %assign/v0 v0x1ae1800_0, 0, 8;
T_0.1 ;
    %jmp T_0;
    .thread T_0;
    .scope S_0x1ae48d0;
T_1 ;
    %wait E_0x1ae49c0;
    %load/v 8, v0x1ae4cd0_0, 1;
    %cmpi/u 8, 0, 1;
    %jmp/0xz  T_1.0, 4;
    %ix/load 0, 6, 0;
    %assign/v0 v0x1ae4c20_0, 0, 0;
    %jmp T_1.1;
T_1.0 ;
    %load/v 8, v0x1ae4b70_0, 1;
    %jmp/0xz  T_1.2, 8;
    %load/v 8, v0x1ae4ad0_0, 6;
    %ix/load 0, 6, 0;
    %assign/v0 v0x1ae4c20_0, 0, 8;
T_1.2 ;
T_1.1 ;
    %jmp T_1;
    .thread T_1;
    .scope S_0x1ae4500;
T_2 ;
    %wait E_0x1ae1d20;
    %load/v 8, v0x1ae5fb0_0, 1;
    %mov 9, 0, 1;
    %cmpi/u 8, 0, 2;
    %jmp/0xz  T_2.0, 4;
    %set/v v0x1ae6280_0, 0, 2;
    %jmp T_2.1;
T_2.0 ;
    %load/v 8, v0x1ae6280_0, 2;
    %cmpi/u 8, 0, 2;
    %jmp/1 T_2.2, 6;
    %cmpi/u 8, 1, 2;
    %jmp/1 T_2.3, 6;
    %cmpi/u 8, 2, 2;
    %jmp/1 T_2.4, 6;
    %cmpi/u 8, 3, 2;
    %jmp/1 T_2.5, 6;
    %cmpi/u 8, 4, 2;
    %jmp/1 T_2.6, 6;
    %jmp T_2.7;
T_2.2 ;
    %movi 8, 1, 3;
    %set/v v0x1ae6280_0, 8, 2;
    %jmp T_2.7;
T_2.3 ;
    %load/v 8, v0x1ae5dd0_0, 5;
    %cmpi/u 8, 0, 5;
    %inv 4, 1;
    %jmp/0xz  T_2.8, 4;
    %movi 8, 2, 3;
    %set/v v0x1ae6280_0, 8, 2;
T_2.8 ;
    %jmp T_2.7;
T_2.4 ;
    %movi 8, 40, 8;
    %load/v 16, v0x1ae6200_0, 6;
    %mov 22, 0, 2;
    %cmp/u 8, 16, 8;
    %or 5, 4, 1;
    %jmp/0xz  T_2.10, 5;
    %movi 8, 3, 3;
    %set/v v0x1ae6280_0, 8, 2;
    %jmp T_2.11;
T_2.10 ;
    %movi 8, 4, 3;
    %set/v v0x1ae6280_0, 8, 2;
T_2.11 ;
    %jmp T_2.7;
T_2.5 ;
    %set/v v0x1ae6280_0, 0, 2;
    %jmp T_2.7;
T_2.6 ;
    %load/v 8, v0x1ae6090_0, 1;
    %mov 9, 0, 1;
    %cmpi/u 8, 0, 2;
    %jmp/0xz  T_2.12, 4;
    %movi 8, 1, 3;
    %set/v v0x1ae6280_0, 8, 2;
T_2.12 ;
    %jmp T_2.7;
T_2.7 ;
T_2.1 ;
    %jmp T_2;
    .thread T_2;
    .scope S_0x1ae4500;
T_3 ;
    %wait E_0x1ae2560;
    %load/v 8, v0x1ae5fb0_0, 1;
    %mov 9, 0, 1;
    %cmpi/u 8, 0, 2;
    %mov 8, 4, 1;
    %load/v 9, v0x1ae6380_0, 1;
    %mov 10, 0, 1;
    %cmpi/u 9, 0, 2;
    %or 8, 4, 1;
    %jmp/0xz  T_3.0, 8;
    %set/v v0x1ae6200_0, 0, 6;
    %jmp T_3.1;
T_3.0 ;
    %load/v 8, v0x1ae5dd0_0, 5;
    %cmpi/u 8, 0, 5;
    %inv 4, 1;
    %jmp/0xz  T_3.2, 4;
    %load/v 8, v0x1ae6110_0, 6;
    %load/v 14, v0x1ae5dd0_0, 5;
    %mov 19, 0, 1;
    %add 8, 14, 6;
    %set/v v0x1ae6200_0, 8, 6;
T_3.2 ;
T_3.1 ;
    %jmp T_3;
    .thread T_3;
    .scope S_0x1ae2c80;
T_4 ;
    %wait E_0x1ae1e60;
    %load/v 8, v0x1ae3000_0, 1;
    %cmpi/u 8, 0, 1;
    %jmp/0xz  T_4.0, 4;
    %ix/load 0, 5, 0;
    %assign/v0 v0x1ae2f50_0, 0, 0;
    %jmp T_4.1;
T_4.0 ;
    %load/v 8, v0x1ae2ed0_0, 1;
    %jmp/0xz  T_4.2, 8;
    %load/v 8, v0x1ae2e20_0, 5;
    %ix/load 0, 5, 0;
    %assign/v0 v0x1ae2f50_0, 0, 8;
T_4.2 ;
T_4.1 ;
    %jmp T_4;
    .thread T_4;
    .scope S_0x1ae2220;
T_5 ;
    %wait E_0x1ae2380;
    %ix/getv 3, v0x1ae2590_0;
    %load/av 8, v0x1ae2610, 5;
    %ix/load 0, 5, 0;
    %assign/v0 v0x1ae24c0_0, 0, 8;
    %jmp T_5;
    .thread T_5, $push;
    .scope S_0x1ae2220;
T_6 ;
    %wait E_0x1ae2310;
    %load/v 8, v0x1ae2ba0_0, 1;
    %jmp/0xz  T_6.0, 8;
    %movi 8, 5, 5;
    %ix/load 3, 0, 0; address
    %ix/load 0, 5, 0; word width
    %ix/load 1, 0, 0; part off
    %assign/av v0x1ae2610, 0, 8;
t_0 ;
    %movi 8, 20, 5;
    %ix/load 3, 1, 0; address
    %ix/load 0, 5, 0; word width
    %ix/load 1, 0, 0; part off
    %assign/av v0x1ae2610, 0, 8;
t_1 ;
    %movi 8, 5, 5;
    %ix/load 3, 2, 0; address
    %ix/load 0, 5, 0; word width
    %ix/load 1, 0, 0; part off
    %assign/av v0x1ae2610, 0, 8;
t_2 ;
    %movi 8, 10, 5;
    %ix/load 3, 3, 0; address
    %ix/load 0, 5, 0; word width
    %ix/load 1, 0, 0; part off
    %assign/av v0x1ae2610, 0, 8;
t_3 ;
    %movi 8, 20, 5;
    %ix/load 3, 4, 0; address
    %ix/load 0, 5, 0; word width
    %ix/load 1, 0, 0; part off
    %assign/av v0x1ae2610, 0, 8;
t_4 ;
    %movi 8, 20, 5;
    %ix/load 3, 5, 0; address
    %ix/load 0, 5, 0; word width
    %ix/load 1, 0, 0; part off
    %assign/av v0x1ae2610, 0, 8;
t_5 ;
    %movi 8, 10, 5;
    %ix/load 3, 6, 0; address
    %ix/load 0, 5, 0; word width
    %ix/load 1, 0, 0; part off
    %assign/av v0x1ae2610, 0, 8;
t_6 ;
    %movi 8, 5, 5;
    %ix/load 3, 7, 0; address
    %ix/load 0, 5, 0; word width
    %ix/load 1, 0, 0; part off
    %assign/av v0x1ae2610, 0, 8;
t_7 ;
T_6.0 ;
    %jmp T_6;
    .thread T_6;
    .scope S_0x1ae1d70;
T_7 ;
    %wait E_0x1ae1e60;
    %load/v 8, v0x1ae2180_0, 1;
    %cmpi/u 8, 0, 1;
    %jmp/0xz  T_7.0, 4;
    %ix/load 0, 5, 0;
    %assign/v0 v0x1ae20d0_0, 0, 0;
    %jmp T_7.1;
T_7.0 ;
    %load/v 8, v0x1ae2030_0, 1;
    %jmp/0xz  T_7.2, 8;
    %load/v 8, v0x1ae1f90_0, 5;
    %ix/load 0, 5, 0;
    %assign/v0 v0x1ae20d0_0, 0, 8;
T_7.2 ;
T_7.1 ;
    %jmp T_7;
    .thread T_7;
    .scope S_0x1ae1950;
T_8 ;
    %wait E_0x1ae1d20;
    %load/v 8, v0x1ae4200_0, 1;
    %mov 9, 0, 1;
    %cmpi/u 8, 0, 2;
    %jmp/0xz  T_8.0, 4;
    %set/v v0x1ae43a0_0, 0, 2;
    %jmp T_8.1;
T_8.0 ;
    %load/v 8, v0x1ae43a0_0, 2;
    %cmpi/u 8, 0, 2;
    %jmp/1 T_8.2, 6;
    %cmpi/u 8, 1, 2;
    %jmp/1 T_8.3, 6;
    %cmpi/u 8, 2, 2;
    %jmp/1 T_8.4, 6;
    %cmpi/u 8, 3, 2;
    %jmp/1 T_8.5, 6;
    %cmpi/u 8, 4, 2;
    %jmp/1 T_8.6, 6;
    %jmp T_8.7;
T_8.2 ;
    %load/v 8, v0x1ae4180_0, 1;
    %jmp/0xz  T_8.8, 8;
    %movi 8, 1, 3;
    %set/v v0x1ae43a0_0, 8, 2;
T_8.8 ;
    %jmp T_8.7;
T_8.3 ;
    %load/v 8, v0x1ae4180_0, 1;
    %jmp/0xz  T_8.10, 8;
    %movi 8, 2, 3;
    %set/v v0x1ae43a0_0, 8, 2;
T_8.10 ;
    %jmp T_8.7;
T_8.4 ;
    %load/v 8, v0x1ae4180_0, 1;
    %mov 9, 0, 1;
    %cmpi/u 8, 0, 2;
    %jmp/0xz  T_8.12, 4;
    %movi 8, 3, 3;
    %set/v v0x1ae43a0_0, 8, 2;
T_8.12 ;
    %jmp T_8.7;
T_8.5 ;
    %load/v 8, v0x1ae4180_0, 1;
    %mov 9, 0, 1;
    %cmpi/u 8, 0, 2;
    %jmp/0xz  T_8.14, 4;
    %movi 8, 4, 3;
    %set/v v0x1ae43a0_0, 8, 2;
T_8.14 ;
    %jmp T_8.7;
T_8.6 ;
    %load/v 8, v0x1ae4180_0, 1;
    %mov 9, 0, 2;
    %cmpi/u 8, 1, 3;
    %jmp/0xz  T_8.16, 4;
    %movi 8, 1, 3;
    %set/v v0x1ae43a0_0, 8, 2;
T_8.16 ;
    %jmp T_8.7;
T_8.7 ;
T_8.1 ;
    %jmp T_8;
    .thread T_8;
    .scope S_0x1ae1950;
T_9 ;
    %wait E_0x1ae1d20;
    %load/v 8, v0x1ae4200_0, 1;
    %mov 9, 0, 1;
    %cmpi/u 8, 0, 2;
    %jmp/0xz  T_9.0, 4;
    %set/v v0x1ae4070_0, 0, 5;
    %jmp T_9.1;
T_9.0 ;
    %load/v 8, v0x1ae45f0_0, 1;
    %jmp/0xz  T_9.2, 8;
    %set/v v0x1ae4070_0, 0, 5;
    %jmp T_9.3;
T_9.2 ;
    %load/v 8, v0x1ae4180_0, 1;
    %jmp/0xz  T_9.4, 8;
    %load/v 8, v0x1ae4320_0, 5;
    %mov 13, 0, 27;
    %addi 8, 1, 32;
    %set/v v0x1ae4070_0, 8, 5;
T_9.4 ;
T_9.3 ;
T_9.1 ;
    %jmp T_9;
    .thread T_9;
    .scope S_0x1aad7b0;
T_10 ;
    %set/v v0x1ae65a0_0, 0, 1;
    %end;
    .thread T_10;
    .scope S_0x1aad7b0;
T_11 ;
    %load/v 8, v0x1ae65a0_0, 1;
    %inv 8, 1;
    %set/v v0x1ae6520_0, 8, 1;
    %movi 8, 1, 2;
    %ix/get 0, 8, 2;
    %delayx 0;
    %load/v 8, v0x1ae6520_0, 1;
    %set/v v0x1ae65a0_0, 8, 1;
    %jmp T_11;
    .thread T_11;
    .scope S_0x1aad7b0;
T_12 ;
    %vpi_call 2 201 "$dumpfile", "out.vcd";
    %vpi_call 2 202 "$dumpvars";
    %end;
    .thread T_12;
    .scope S_0x1aad7b0;
T_13 ;
    %vpi_call 2 207 "$monitor", $time, "clk %b res %b moeda %d next %b vendeu %b ptr %d soma %d", v0x1ae65a0_0, v0x1ae67a0_0, v0x1ae6620_0, v0x1ae66a0_0, v0x1ae6940_0, v0x1ae6720_0, v0x1ae6870_0;
    %delay 1, 0;
    %set/v v0x1ae67a0_0, 0, 1;
    %delay 1, 0;
    %set/v v0x1ae67a0_0, 1, 1;
    %delay 20, 0;
    %vpi_call 2 211 "$finish";
    %end;
    .thread T_13;
# The file index is used to find the file name in the following table.
:file_names 3;
    "N/A";
    "<interactive>";
    "maquinaCompravenda.v";
