#! /usr/bin/vvp
:ivl_version "0.9.7 " "(v0_9_7)";
:vpi_time_precision + 0;
:vpi_module "system";
:vpi_module "v2005_math";
:vpi_module "va_math";
S_0x2364120 .scope module, "top" "top" 2 33;
 .timescale 0 0;
v0x239b6b0_0 .net "clk", 0 0, v0x239b630_0; 1 drivers
S_0x239b540 .scope module, "CLK" "clkGen" 2 35, 2 17, S_0x2364120;
 .timescale 0 0;
v0x239b050_0 .var *"_s0", 0 0; Local signal
v0x239b630_0 .var "out", 0 0;
S_0x2354a00 .scope module, "CPU" "cpu" 2 36, 3 30, S_0x2364120;
 .timescale 0 0;
P_0x2307448 .param/str "IM_DATA" 3 34, "examples_binary/example_addlwswsltbeq.txt";
P_0x2307470 .param/l "NMEM" 3 33, +C4<010100>;
L_0x23a18f0 .functor XNOR 1, L_0x23a11e0, C4<1>, C4<0>, C4<0>;
v0x2397410_0 .net *"_s0", 32 0, L_0x239b730; 1 drivers
v0x2397490_0 .net *"_s150", 0 0, C4<1>; 1 drivers
v0x2397530_0 .net *"_s152", 0 0, L_0x23a18f0; 1 drivers
v0x23975d0_0 .net *"_s23", 3 0, L_0x239c320; 1 drivers
v0x2397680_0 .net *"_s25", 25 0, L_0x239c4b0; 1 drivers
v0x2397720_0 .net *"_s26", 1 0, C4<00>; 1 drivers
v0x2397800_0 .net *"_s3", 0 0, C4<0>; 1 drivers
v0x23978a0_0 .net *"_s31", 0 0, L_0x239c750; 1 drivers
v0x2397940_0 .net *"_s32", 15 0, L_0x239c7f0; 1 drivers
v0x23979e0_0 .net *"_s35", 15 0, L_0x239c9f0; 1 drivers
v0x2397a80_0 .net *"_s4", 32 0, C4<000000000000000000000000000000100>; 1 drivers
v0x2397b20_0 .net *"_s53", 29 0, L_0x239d310; 1 drivers
v0x2397bc0_0 .net *"_s54", 1 0, C4<00>; 1 drivers
v0x2397c60_0 .net *"_s6", 32 0, L_0x239b8b0; 1 drivers
v0x2397d80_0 .net "aluctl", 3 0, v0x2391540_0; 1 drivers
v0x2397e00_0 .net "aluop", 1 0, v0x2393580_0; 1 drivers
v0x2397ce0_0 .net "aluop_s3", 1 0, L_0x239de60; 1 drivers
v0x2397f10_0 .net "alurslt", 31 0, v0x23910a0_0; 1 drivers
v0x2398030_0 .net "alurslt_s4", 31 0, L_0x239ee50; 1 drivers
v0x23980b0_0 .net "alurslt_s5", 31 0, v0x238c100_0; 1 drivers
v0x2397f90_0 .net "alusrc", 0 0, v0x2393640_0; 1 drivers
v0x2398210_0 .net "alusrc_data2", 31 0, L_0x239edb0; 1 drivers
v0x2398160_0 .net "alusrc_s3", 0 0, L_0x239e080; 1 drivers
v0x2398350_0 .net "baddr_s2", 31 0, L_0x239d4b0; 1 drivers
v0x2398290_0 .net "baddr_s3", 31 0, v0x2392a10_0; 1 drivers
v0x23984f0_0 .net "baddr_s4", 31 0, v0x238e050_0; 1 drivers
v0x23983d0_0 .net "branch_eq_s2", 0 0, v0x23936e0_0; 1 drivers
v0x2398650_0 .net "branch_eq_s3", 0 0, L_0x239e220; 1 drivers
v0x2398570_0 .net "branch_eq_s4", 0 0, L_0x23a1050; 1 drivers
v0x23987c0_0 .net "branch_ne_s2", 0 0, v0x2393780_0; 1 drivers
v0x23986d0_0 .net "branch_ne_s3", 0 0, L_0x239e540; 1 drivers
v0x2398940_0 .net "branch_ne_s4", 0 0, L_0x23a0e60; 1 drivers
v0x2398840_0 .alias "clk", 0 0, v0x239b6b0_0;
v0x23988c0_0 .var "clock_counter", 5 0;
v0x2398ae0_0 .net "data1", 31 0, v0x2395800_0; 1 drivers
v0x2398b60_0 .net "data1_s3", 31 0, L_0x239d040; 1 drivers
v0x23989c0_0 .net "data2", 31 0, v0x23958c0_0; 1 drivers
v0x2398a40_0 .net "data2_s3", 31 0, L_0x239d180; 1 drivers
v0x2398d20_0 .net "data2_s4", 31 0, v0x238ef10_0; 1 drivers
v0x2398da0_0 .var "flush_s1", 0 0;
v0x2398c30_0 .var "flush_s2", 0 0;
v0x2392c60_0 .var "flush_s3", 0 0;
v0x2398e20_0 .var "forward_a", 1 0;
v0x2398ea0_0 .var "forward_b", 1 0;
v0x23991f0_0 .net "funct", 5 0, L_0x239ec70; 1 drivers
v0x2399270_0 .var "fw_data1_s3", 31 0;
v0x2399080_0 .var "fw_data2_s3", 31 0;
v0x2399130_0 .net "imm", 15 0, L_0x239c1e0; 1 drivers
v0x2399480_0 .net "inst", 31 0, L_0x2396b80; 1 drivers
v0x2399500_0 .net "inst_s2", 31 0, v0x2396800_0; 1 drivers
v0x23992f0_0 .net "jaddr_s2", 31 0, L_0x239c660; 1 drivers
v0x23993a0_0 .net "jaddr_s3", 31 0, v0x2391fb0_0; 1 drivers
v0x2399730_0 .net "jaddr_s4", 31 0, v0x238d700_0; 1 drivers
v0x23997b0_0 .net "jump_s2", 0 0, v0x2393830_0; 1 drivers
v0x2399580_0 .net "jump_s3", 0 0, v0x2392410_0; 1 drivers
v0x2399650_0 .net "jump_s4", 0 0, v0x238dbb0_0; 1 drivers
v0x2399a00_0 .net "memread", 0 0, v0x23938e0_0; 1 drivers
v0x2399a80_0 .net "memread_s3", 0 0, L_0x239dd70; 1 drivers
v0x2399830_0 .net "memread_s4", 0 0, L_0x239eae0; 1 drivers
v0x23998e0_0 .net "memtoreg", 0 0, v0x23939a0_0; 1 drivers
v0x2399cf0_0 .net "memtoreg_s3", 0 0, L_0x239df50; 1 drivers
v0x2399d70_0 .net "memtoreg_s4", 0 0, L_0x239e5e0; 1 drivers
v0x2399b00_0 .net "memtoreg_s5", 0 0, L_0x23a11e0; 1 drivers
v0x2399b80_0 .net "memwrite", 0 0, v0x2393a40_0; 1 drivers
v0x2399c30_0 .net "memwrite_s3", 0 0, L_0x239dc90; 1 drivers
v0x239a000_0 .net "memwrite_s4", 0 0, L_0x239e9a0; 1 drivers
v0x2399df0_0 .net "opcode", 5 0, L_0x239bda0; 1 drivers
v0x2399ea0_0 .var "pc", 31 0;
v0x2399f50_0 .net "pc4", 31 0, L_0x239ba80; 1 drivers
v0x239a2b0_0 .net "pc4_s2", 31 0, v0x2397360_0; 1 drivers
v0x239a080_0 .net "pc4_s3", 31 0, v0x2394080_0; 1 drivers
v0x239a100_0 .var "pcsrc", 0 0;
v0x239a180_0 .net "rd", 4 0, L_0x239c140; 1 drivers
v0x239a200_0 .net "rd_s3", 4 0, L_0x239d3c0; 1 drivers
v0x239a590_0 .net "rdata", 31 0, L_0x23a1410; 1 drivers
v0x239a610_0 .net "rdata_s5", 31 0, v0x238c610_0; 1 drivers
v0x239a330_0 .net "regdst", 0 0, v0x2393b80_0; 1 drivers
v0x239a3b0_0 .net "regdst_s3", 0 0, L_0x239d790; 1 drivers
v0x239a430_0 .net "regwrite", 0 0, v0x2393c20_0; 1 drivers
v0x239a4e0_0 .net "regwrite_s3", 0 0, L_0x239e180; 1 drivers
v0x239a920_0 .net "regwrite_s4", 0 0, L_0x239e900; 1 drivers
v0x239a9a0_0 .net "regwrite_s5", 0 0, L_0x23a10f0; 1 drivers
v0x239a690_0 .net "rs", 4 0, L_0x239bee0; 1 drivers
v0x239a760_0 .net "rs_s3", 4 0, v0x2395230_0; 1 drivers
v0x239a7e0_0 .net "rt", 4 0, L_0x239bf80; 1 drivers
v0x239a890_0 .net "rt_s3", 4 0, L_0x239d0e0; 1 drivers
v0x239ace0_0 .net "seimm", 31 0, L_0x239cd20; 1 drivers
v0x239ad60_0 .net "seimm_s3", 31 0, v0x2394930_0; 1 drivers
v0x239aa50_0 .net "seimm_sl2", 31 0, L_0x239d650; 1 drivers
v0x239aad0_0 .net "shamt", 4 0, L_0x239c280; 1 drivers
v0x239ab50_0 .var "stall_s1_s2", 0 0;
v0x2394d30_0 .net "wrdata_s5", 31 0, L_0x23a1c30; 1 drivers
v0x239b100_0 .net "wrreg", 4 0, L_0x23a0b50; 1 drivers
v0x239b1b0_0 .net "wrreg_s4", 4 0, v0x238ea80_0; 1 drivers
v0x239ae30_0 .net "wrreg_s5", 4 0, v0x238bc30_0; 1 drivers
v0x239af00_0 .net "zero_s3", 0 0, L_0x239f000; 1 drivers
v0x239afd0_0 .net "zero_s4", 0 0, v0x238f860_0; 1 drivers
E_0x2345bd0 .event edge, v0x2399a80_0, v0x2396140_0, v0x239a890_0, v0x2395190_0;
E_0x234c1e0/0 .event edge, v0x239a920_0, v0x238bb80_0, v0x2395230_0, v0x2396210_0;
E_0x234c1e0/1 .event edge, v0x238bc30_0, v0x239a890_0;
E_0x234c1e0 .event/or E_0x234c1e0/0, E_0x234c1e0/1;
E_0x234d470 .event edge, v0x238f860_0, v0x2398570_0, v0x2398940_0;
E_0x234e300 .event edge, v0x2398ea0_0, v0x238c050_0, v0x23962b0_0, v0x2398a40_0;
E_0x2353e50 .event edge, v0x2398e20_0, v0x238c050_0, v0x23962b0_0, v0x2398b60_0;
E_0x2356730 .event edge, v0x239a100_0, v0x238dbb0_0;
L_0x239b730 .concat [ 32 1 0 0], v0x2399ea0_0, C4<0>;
L_0x239b8b0 .arith/sum 33, L_0x239b730, C4<000000000000000000000000000000100>;
L_0x239ba80 .part L_0x239b8b0, 0, 32;
L_0x239bda0 .part v0x2396800_0, 26, 6;
L_0x239bee0 .part v0x2396800_0, 21, 5;
L_0x239bf80 .part v0x2396800_0, 16, 5;
L_0x239c140 .part v0x2396800_0, 11, 5;
L_0x239c1e0 .part v0x2396800_0, 0, 16;
L_0x239c280 .part v0x2396800_0, 6, 5;
L_0x239c320 .part v0x2399ea0_0, 28, 4;
L_0x239c4b0 .part v0x2396800_0, 0, 26;
L_0x239c660 .concat [ 2 26 4 0], C4<00>, L_0x239c4b0, L_0x239c320;
L_0x239c750 .part v0x2396800_0, 15, 1;
LS_0x239c7f0_0_0 .concat [ 1 1 1 1], L_0x239c750, L_0x239c750, L_0x239c750, L_0x239c750;
LS_0x239c7f0_0_4 .concat [ 1 1 1 1], L_0x239c750, L_0x239c750, L_0x239c750, L_0x239c750;
LS_0x239c7f0_0_8 .concat [ 1 1 1 1], L_0x239c750, L_0x239c750, L_0x239c750, L_0x239c750;
LS_0x239c7f0_0_12 .concat [ 1 1 1 1], L_0x239c750, L_0x239c750, L_0x239c750, L_0x239c750;
L_0x239c7f0 .concat [ 4 4 4 4], LS_0x239c7f0_0_0, LS_0x239c7f0_0_4, LS_0x239c7f0_0_8, LS_0x239c7f0_0_12;
L_0x239c9f0 .part v0x2396800_0, 0, 16;
L_0x239cd20 .concat [ 16 16 0 0], L_0x239c9f0, L_0x239c7f0;
L_0x239cfa0 .concat [ 32 32 0 0], v0x23958c0_0, v0x2395800_0;
L_0x239d040 .part v0x2394e40_0, 32, 32;
L_0x239d180 .part v0x2394e40_0, 0, 32;
L_0x239d220 .concat [ 5 5 0 0], L_0x239c140, L_0x239bf80;
L_0x239d0e0 .part v0x23944b0_0, 5, 5;
L_0x239d3c0 .part v0x23944b0_0, 0, 5;
L_0x239d310 .part L_0x239cd20, 0, 30;
L_0x239d650 .concat [ 2 30 0 0], C4<00>, L_0x239d310;
L_0x239d4b0 .arith/sum 32, v0x2397360_0, L_0x239d650;
LS_0x239d970_0_0 .concat [ 1 1 2 1], v0x2393640_0, v0x2393c20_0, v0x2393580_0, v0x23939a0_0;
LS_0x239d970_0_4 .concat [ 1 1 1 0], v0x2393a40_0, v0x23938e0_0, v0x2393b80_0;
L_0x239d970 .concat [ 5 3 0 0], LS_0x239d970_0_0, LS_0x239d970_0_4;
L_0x239d790 .part v0x2393380_0, 7, 1;
L_0x239dd70 .part v0x2393380_0, 6, 1;
L_0x239dc90 .part v0x2393380_0, 5, 1;
L_0x239df50 .part v0x2393380_0, 4, 1;
L_0x239de60 .part v0x2393380_0, 2, 2;
L_0x239e180 .part v0x2393380_0, 1, 1;
L_0x239e080 .part v0x2393380_0, 0, 1;
L_0x239e330 .concat [ 1 1 0 0], v0x2393780_0, v0x23936e0_0;
L_0x239e220 .part v0x2392ec0_0, 1, 1;
L_0x239e540 .part v0x2392ec0_0, 0, 1;
L_0x239e710 .concat [ 1 1 1 1], L_0x239dc90, L_0x239dd70, L_0x239df50, L_0x239e180;
L_0x239e900 .part v0x2391b00_0, 3, 1;
L_0x239e5e0 .part v0x2391b00_0, 2, 1;
L_0x239eae0 .part v0x2391b00_0, 1, 1;
L_0x239e9a0 .part v0x2391b00_0, 0, 1;
L_0x239edb0 .functor MUXZ 32, v0x2399080_0, v0x2394930_0, L_0x239e080, C4<>;
L_0x239ec70 .part v0x2394930_0, 0, 6;
L_0x23a0c00 .concat [ 32 0 0 0], v0x23910a0_0;
L_0x239ee50 .part v0x238f3a0_0, 0, 32;
L_0x23a0b50 .functor MUXZ 5, L_0x239d0e0, L_0x239d3c0, L_0x239d790, C4<>;
L_0x23a0d70 .concat [ 1 1 0 0], L_0x239e540, L_0x239e220;
L_0x23a1050 .part v0x238e550_0, 1, 1;
L_0x23a0e60 .part v0x238e550_0, 0, 1;
L_0x23a1280 .concat [ 1 1 0 0], L_0x239e5e0, L_0x239e900;
L_0x23a10f0 .part v0x238d240_0, 1, 1;
L_0x23a11e0 .part v0x238d240_0, 0, 1;
L_0x23a1710 .part L_0x239ee50, 2, 7;
L_0x23a1c30 .functor MUXZ 32, v0x238c100_0, v0x238c610_0, L_0x23a18f0, C4<>;
S_0x2396fc0 .scope module, "regr_pc4_s2" "regr" 3 114, 4 31, S_0x2354a00;
 .timescale 0 0;
P_0x23970b8 .param/l "N" 4 38, +C4<0100000>;
v0x2397130_0 .net "clear", 0 0, v0x2398da0_0; 1 drivers
v0x23971b0_0 .alias "clk", 0 0, v0x239b6b0_0;
v0x2397230_0 .net "hold", 0 0, v0x239ab50_0; 1 drivers
v0x23972b0_0 .alias "in", 31 0, v0x2399f50_0;
v0x2397360_0 .var "out", 31 0;
S_0x23968a0 .scope module, "im1" "im" 3 122, 5 24, S_0x2354a00;
 .timescale 0 0;
P_0x2396998 .param/str "IM_DATA" 5 31, "examples_binary/example_addlwswsltbeq.txt";
P_0x23969c0 .param/l "NMEM" 5 29, +C4<010100>;
L_0x2396b80 .functor BUFZ 32, L_0x239bbc0, C4<00000000000000000000000000000000>, C4<00000000000000000000000000000000>, C4<00000000000000000000000000000000>;
v0x2396be0_0 .net *"_s0", 31 0, L_0x239bbc0; 1 drivers
v0x2396cc0_0 .net *"_s3", 6 0, L_0x239bc60; 1 drivers
v0x2396d60_0 .net "addr", 31 0, v0x2399ea0_0; 1 drivers
v0x2396e00_0 .alias "clk", 0 0, v0x239b6b0_0;
v0x2396e80_0 .alias "data", 31 0, v0x2399480_0;
v0x2396f00 .array "mem", 127 0, 31 0;
L_0x239bbc0 .array/port v0x2396f00, L_0x239bc60;
L_0x239bc60 .part v0x2399ea0_0, 2, 7;
S_0x2396460 .scope module, "regr_im_s2" "regr" 3 123, 4 31, S_0x2354a00;
 .timescale 0 0;
P_0x2395548 .param/l "N" 4 38, +C4<0100000>;
v0x23965c0_0 .alias "clear", 0 0, v0x2397130_0;
v0x2396680_0 .alias "clk", 0 0, v0x239b6b0_0;
v0x2396700_0 .alias "hold", 0 0, v0x2397230_0;
v0x2396780_0 .alias "in", 31 0, v0x2399480_0;
v0x2396800_0 .var "out", 31 0;
S_0x23952d0 .scope module, "regm1" "regm" 3 152, 6 27, S_0x2354a00;
 .timescale 0 0;
P_0x23953c8 .param/l "NMEM" 6 35, +C4<010100>;
P_0x23953f0 .param/str "RM_DATA" 6 37, "rm_data.txt";
v0x2395800_0 .var "_data1", 31 0;
v0x23958c0_0 .var "_data2", 31 0;
v0x2395960_0 .alias "clk", 0 0, v0x239b6b0_0;
v0x23959e0_0 .alias "data1", 31 0, v0x2398ae0_0;
v0x2395a90_0 .alias "data2", 31 0, v0x23989c0_0;
v0x2395b30 .array "mem", 31 0, 31 0;
v0x23960c0_0 .alias "read1", 4 0, v0x239a690_0;
v0x2396140_0 .alias "read2", 4 0, v0x239a7e0_0;
v0x2396210_0 .alias "regwrite", 0 0, v0x239a9a0_0;
v0x23962b0_0 .alias "wrdata", 31 0, v0x2394d30_0;
v0x23963b0_0 .alias "wrreg", 4 0, v0x239ae30_0;
E_0x2395510/0 .event edge, v0x2396140_0, v0x238bc30_0, v0x2396210_0, v0x23962b0_0;
v0x2395b30_0 .array/port v0x2395b30, 0;
v0x2395b30_1 .array/port v0x2395b30, 1;
v0x2395b30_2 .array/port v0x2395b30, 2;
v0x2395b30_3 .array/port v0x2395b30, 3;
E_0x2395510/1 .event edge, v0x2395b30_0, v0x2395b30_1, v0x2395b30_2, v0x2395b30_3;
v0x2395b30_4 .array/port v0x2395b30, 4;
v0x2395b30_5 .array/port v0x2395b30, 5;
v0x2395b30_6 .array/port v0x2395b30, 6;
v0x2395b30_7 .array/port v0x2395b30, 7;
E_0x2395510/2 .event edge, v0x2395b30_4, v0x2395b30_5, v0x2395b30_6, v0x2395b30_7;
v0x2395b30_8 .array/port v0x2395b30, 8;
v0x2395b30_9 .array/port v0x2395b30, 9;
v0x2395b30_10 .array/port v0x2395b30, 10;
v0x2395b30_11 .array/port v0x2395b30, 11;
E_0x2395510/3 .event edge, v0x2395b30_8, v0x2395b30_9, v0x2395b30_10, v0x2395b30_11;
v0x2395b30_12 .array/port v0x2395b30, 12;
v0x2395b30_13 .array/port v0x2395b30, 13;
v0x2395b30_14 .array/port v0x2395b30, 14;
v0x2395b30_15 .array/port v0x2395b30, 15;
E_0x2395510/4 .event edge, v0x2395b30_12, v0x2395b30_13, v0x2395b30_14, v0x2395b30_15;
v0x2395b30_16 .array/port v0x2395b30, 16;
v0x2395b30_17 .array/port v0x2395b30, 17;
v0x2395b30_18 .array/port v0x2395b30, 18;
v0x2395b30_19 .array/port v0x2395b30, 19;
E_0x2395510/5 .event edge, v0x2395b30_16, v0x2395b30_17, v0x2395b30_18, v0x2395b30_19;
v0x2395b30_20 .array/port v0x2395b30, 20;
v0x2395b30_21 .array/port v0x2395b30, 21;
v0x2395b30_22 .array/port v0x2395b30, 22;
v0x2395b30_23 .array/port v0x2395b30, 23;
E_0x2395510/6 .event edge, v0x2395b30_20, v0x2395b30_21, v0x2395b30_22, v0x2395b30_23;
v0x2395b30_24 .array/port v0x2395b30, 24;
v0x2395b30_25 .array/port v0x2395b30, 25;
v0x2395b30_26 .array/port v0x2395b30, 26;
v0x2395b30_27 .array/port v0x2395b30, 27;
E_0x2395510/7 .event edge, v0x2395b30_24, v0x2395b30_25, v0x2395b30_26, v0x2395b30_27;
v0x2395b30_28 .array/port v0x2395b30, 28;
v0x2395b30_29 .array/port v0x2395b30, 29;
v0x2395b30_30 .array/port v0x2395b30, 30;
v0x2395b30_31 .array/port v0x2395b30, 31;
E_0x2395510/8 .event edge, v0x2395b30_28, v0x2395b30_29, v0x2395b30_30, v0x2395b30_31;
E_0x2395510 .event/or E_0x2395510/0, E_0x2395510/1, E_0x2395510/2, E_0x2395510/3, E_0x2395510/4, E_0x2395510/5, E_0x2395510/6, E_0x2395510/7, E_0x2395510/8;
E_0x23954e0/0 .event edge, v0x2395190_0, v0x238bc30_0, v0x2396210_0, v0x23962b0_0;
E_0x23954e0/1 .event edge, v0x2395b30_0, v0x2395b30_1, v0x2395b30_2, v0x2395b30_3;
E_0x23954e0/2 .event edge, v0x2395b30_4, v0x2395b30_5, v0x2395b30_6, v0x2395b30_7;
E_0x23954e0/3 .event edge, v0x2395b30_8, v0x2395b30_9, v0x2395b30_10, v0x2395b30_11;
E_0x23954e0/4 .event edge, v0x2395b30_12, v0x2395b30_13, v0x2395b30_14, v0x2395b30_15;
E_0x23954e0/5 .event edge, v0x2395b30_16, v0x2395b30_17, v0x2395b30_18, v0x2395b30_19;
E_0x23954e0/6 .event edge, v0x2395b30_20, v0x2395b30_21, v0x2395b30_22, v0x2395b30_23;
E_0x23954e0/7 .event edge, v0x2395b30_24, v0x2395b30_25, v0x2395b30_26, v0x2395b30_27;
E_0x23954e0/8 .event edge, v0x2395b30_28, v0x2395b30_29, v0x2395b30_30, v0x2395b30_31;
E_0x23954e0 .event/or E_0x23954e0/0, E_0x23954e0/1, E_0x23954e0/2, E_0x23954e0/3, E_0x23954e0/4, E_0x23954e0/5, E_0x23954e0/6, E_0x23954e0/7, E_0x23954e0/8;
S_0x2394ee0 .scope module, "regr_s2_rs" "regr" 3 159, 4 31, S_0x2354a00;
 .timescale 0 0;
P_0x238c4a8 .param/l "N" 4 38, +C4<0101>;
v0x2394ff0_0 .net "clear", 0 0, C4<0>; 1 drivers
v0x2395090_0 .alias "clk", 0 0, v0x239b6b0_0;
v0x2395110_0 .alias "hold", 0 0, v0x2397230_0;
v0x2395190_0 .alias "in", 4 0, v0x239a690_0;
v0x2395230_0 .var "out", 4 0;
S_0x23949d0 .scope module, "reg_s2_mem" "regr" 3 164, 4 31, S_0x2354a00;
 .timescale 0 0;
P_0x2394ac8 .param/l "N" 4 38, +C4<01000000>;
v0x2394b90_0 .net "clear", 0 0, v0x2398c30_0; 1 drivers
v0x2394c30_0 .alias "clk", 0 0, v0x239b6b0_0;
v0x2394cb0_0 .alias "hold", 0 0, v0x2397230_0;
v0x2394dc0_0 .net "in", 63 0, L_0x239cfa0; 1 drivers
v0x2394e40_0 .var "out", 63 0;
S_0x2394550 .scope module, "reg_s2_seimm" "regr" 3 172, 4 31, S_0x2354a00;
 .timescale 0 0;
P_0x2394648 .param/l "N" 4 38, +C4<0100000>;
v0x2394710_0 .alias "clear", 0 0, v0x2394b90_0;
v0x23947b0_0 .alias "clk", 0 0, v0x239b6b0_0;
v0x2394830_0 .alias "hold", 0 0, v0x2397230_0;
v0x23948b0_0 .alias "in", 31 0, v0x239ace0_0;
v0x2394930_0 .var "out", 31 0;
S_0x2394100 .scope module, "reg_s2_rt_rd" "regr" 3 174, 4 31, S_0x2354a00;
 .timescale 0 0;
P_0x23941f8 .param/l "N" 4 38, +C4<01010>;
v0x23942b0_0 .alias "clear", 0 0, v0x2394b90_0;
v0x2394330_0 .alias "clk", 0 0, v0x239b6b0_0;
v0x23943b0_0 .alias "hold", 0 0, v0x2397230_0;
v0x2394430_0 .net "in", 9 0, L_0x239d220; 1 drivers
v0x23944b0_0 .var "out", 9 0;
S_0x2393cc0 .scope module, "reg_pc4_s2" "regr" 3 179, 4 31, S_0x2354a00;
 .timescale 0 0;
P_0x2393968 .param/l "N" 4 38, +C4<0100000>;
v0x2393e10_0 .net "clear", 0 0, C4<0>; 1 drivers
v0x2393ed0_0 .alias "clk", 0 0, v0x239b6b0_0;
v0x2393f50_0 .alias "hold", 0 0, v0x2397230_0;
v0x2393fd0_0 .alias "in", 31 0, v0x239a2b0_0;
v0x2394080_0 .var "out", 31 0;
S_0x2393420 .scope module, "ctl1" "control" 3 194, 7 4, S_0x2354a00;
 .timescale 0 0;
v0x2393580_0 .var "aluop", 1 0;
v0x2393640_0 .var "alusrc", 0 0;
v0x23936e0_0 .var "branch_eq", 0 0;
v0x2393780_0 .var "branch_ne", 0 0;
v0x2393830_0 .var "jump", 0 0;
v0x23938e0_0 .var "memread", 0 0;
v0x23939a0_0 .var "memtoreg", 0 0;
v0x2393a40_0 .var "memwrite", 0 0;
v0x2393ae0_0 .alias "opcode", 5 0, v0x2399df0_0;
v0x2393b80_0 .var "regdst", 0 0;
v0x2393c20_0 .var "regwrite", 0 0;
E_0x2393510 .event edge, v0x2393ae0_0;
S_0x2392f60 .scope module, "reg_s2_control" "regr" 3 218, 4 31, S_0x2354a00;
 .timescale 0 0;
P_0x2393058 .param/l "N" 4 38, +C4<01000>;
v0x2393110_0 .alias "clear", 0 0, v0x2397230_0;
v0x23931b0_0 .alias "clk", 0 0, v0x239b6b0_0;
v0x2393230_0 .net "hold", 0 0, C4<0>; 1 drivers
v0x23932d0_0 .net "in", 7 0, L_0x239d970; 1 drivers
v0x2393380_0 .var "out", 7 0;
S_0x2392a90 .scope module, "branch_s2_s3" "regr" 3 225, 4 31, S_0x2354a00;
 .timescale 0 0;
P_0x238e478 .param/l "N" 4 38, +C4<010>;
v0x2392be0_0 .alias "clear", 0 0, v0x2394b90_0;
v0x2392cf0_0 .alias "clk", 0 0, v0x239b6b0_0;
v0x2392d70_0 .net "hold", 0 0, C4<0>; 1 drivers
v0x2392e10_0 .net "in", 1 0, L_0x239e330; 1 drivers
v0x2392ec0_0 .var "out", 1 0;
S_0x23924c0 .scope module, "baddr_s2_s3" "regr" 3 230, 4 31, S_0x2354a00;
 .timescale 0 0;
P_0x23925b8 .param/l "N" 4 38, +C4<0100000>;
v0x2392660_0 .alias "clear", 0 0, v0x2394b90_0;
v0x2392700_0 .alias "clk", 0 0, v0x239b6b0_0;
v0x238e3a0_0 .net "hold", 0 0, C4<0>; 1 drivers
v0x2392990_0 .alias "in", 31 0, v0x2398350_0;
v0x2392a10_0 .var "out", 31 0;
S_0x2392060 .scope module, "reg_jump_s3" "regr" 3 234, 4 31, S_0x2354a00;
 .timescale 0 0;
P_0x2392158 .param/l "N" 4 38, +C4<01>;
v0x23921f0_0 .alias "clear", 0 0, v0x2394b90_0;
v0x2392270_0 .alias "clk", 0 0, v0x239b6b0_0;
v0x23922f0_0 .net "hold", 0 0, C4<0>; 1 drivers
v0x2392390_0 .alias "in", 0 0, v0x23997b0_0;
v0x2392410_0 .var "out", 0 0;
S_0x2391ba0 .scope module, "reg_jaddr_s3" "regr" 3 239, 4 31, S_0x2354a00;
 .timescale 0 0;
P_0x2391c98 .param/l "N" 4 38, +C4<0100000>;
v0x2391d60_0 .alias "clear", 0 0, v0x2394b90_0;
v0x2391e00_0 .alias "clk", 0 0, v0x239b6b0_0;
v0x2391e80_0 .net "hold", 0 0, C4<0>; 1 drivers
v0x2391f00_0 .alias "in", 31 0, v0x23992f0_0;
v0x2391fb0_0 .var "out", 31 0;
S_0x2391720 .scope module, "reg_s3" "regr" 3 250, 4 31, S_0x2354a00;
 .timescale 0 0;
P_0x238fe58 .param/l "N" 4 38, +C4<0100>;
v0x2391890_0 .alias "clear", 0 0, v0x2394b90_0;
v0x2391930_0 .alias "clk", 0 0, v0x239b6b0_0;
v0x23919b0_0 .net "hold", 0 0, C4<0>; 1 drivers
v0x2391a50_0 .net "in", 3 0, L_0x239e710; 1 drivers
v0x2391b00_0 .var "out", 3 0;
S_0x23913d0 .scope module, "alu_ctl1" "alu_control" 3 264, 8 4, S_0x2354a00;
 .timescale 0 0;
v0x23914c0_0 .var "_funct", 3 0;
v0x2391540_0 .var "aluctl", 3 0;
v0x23915f0_0 .alias "aluop", 1 0, v0x2397ce0_0;
v0x2391670_0 .alias "funct", 5 0, v0x23991f0_0;
E_0x2391040 .event edge, v0x23915f0_0, v0x23914c0_0;
E_0x23911a0 .event edge, v0x2391670_0;
S_0x238f900 .scope module, "alu1" "alu" 3 275, 9 6, S_0x2354a00;
 .timescale 0 0;
L_0x239e420 .functor XNOR 1, L_0x239f3d0, L_0x239f500, C4<0>, C4<0>;
L_0x239f730 .functor XOR 1, L_0x239f5a0, L_0x239f690, C4<0>, C4<0>;
L_0x239f830 .functor AND 1, L_0x239e420, L_0x239f730, C4<1>, C4<1>;
L_0x239fd30 .functor XNOR 1, L_0x239fb90, L_0x239fc30, C4<0>, C4<0>;
L_0x239fcd0 .functor XOR 1, L_0x239fde0, L_0x239fed0, C4<0>, C4<0>;
L_0x23a0010 .functor AND 1, L_0x239fd30, L_0x239fcd0, C4<1>, C4<1>;
L_0x23a0870 .functor NOT 1, L_0x23a06c0, C4<0>, C4<0>, C4<0>;
v0x238fa80_0 .net *"_s0", 31 0, C4<00000000000000000000000000000000>; 1 drivers
v0x238fb40_0 .net *"_s11", 0 0, L_0x239f500; 1 drivers
v0x238fbe0_0 .net *"_s12", 0 0, L_0x239e420; 1 drivers
v0x238fc80_0 .net *"_s15", 0 0, L_0x239f5a0; 1 drivers
v0x238fd30_0 .net *"_s17", 0 0, L_0x239f690; 1 drivers
v0x238fdd0_0 .net *"_s18", 0 0, L_0x239f730; 1 drivers
v0x238feb0_0 .net *"_s20", 0 0, L_0x239f830; 1 drivers
v0x238ff50_0 .net/s *"_s22", 0 0, C4<1>; 1 drivers
v0x238fff0_0 .net/s *"_s24", 0 0, C4<0>; 1 drivers
v0x2390090_0 .net *"_s29", 0 0, L_0x239fb90; 1 drivers
v0x2390190_0 .net *"_s31", 0 0, L_0x239fc30; 1 drivers
v0x2390230_0 .net *"_s32", 0 0, L_0x239fd30; 1 drivers
v0x2390340_0 .net *"_s35", 0 0, L_0x239fde0; 1 drivers
v0x23903e0_0 .net *"_s37", 0 0, L_0x239fed0; 1 drivers
v0x2390500_0 .net *"_s38", 0 0, L_0x239fcd0; 1 drivers
v0x23905a0_0 .net *"_s40", 0 0, L_0x23a0010; 1 drivers
v0x2390460_0 .net/s *"_s42", 0 0, C4<1>; 1 drivers
v0x23906f0_0 .net/s *"_s44", 0 0, C4<0>; 1 drivers
v0x2390810_0 .net *"_s48", 3 0, C4<0010>; 1 drivers
v0x2390890_0 .net *"_s50", 0 0, L_0x23a0490; 1 drivers
v0x2390770_0 .net *"_s55", 0 0, L_0x23a06c0; 1 drivers
v0x23909c0_0 .net *"_s56", 0 0, L_0x23a0870; 1 drivers
v0x2390910_0 .net *"_s59", 0 0, L_0x23a0920; 1 drivers
v0x2390b00_0 .net *"_s9", 0 0, L_0x239f3d0; 1 drivers
v0x2390a60_0 .net "a", 31 0, v0x2399270_0; 1 drivers
v0x2390c50_0 .net "add_ab", 31 0, L_0x239f2a0; 1 drivers
v0x2390ba0_0 .alias "b", 31 0, v0x2398210_0;
v0x2390db0_0 .alias "ctl", 3 0, v0x2397d80_0;
v0x2390cf0_0 .net "oflow", 0 0, L_0x23a0530; 1 drivers
v0x2390f20_0 .net "oflow_add", 0 0, L_0x239f9b0; 1 drivers
v0x2390e30_0 .net "oflow_sub", 0 0, L_0x23a0220; 1 drivers
v0x23910a0_0 .var "out", 31 0;
v0x2390fa0_0 .net "slt", 0 0, L_0x23a09c0; 1 drivers
v0x2391230_0 .net "sub_ab", 31 0, L_0x239f140; 1 drivers
v0x2391120_0 .alias "zero", 0 0, v0x239af00_0;
E_0x238f9f0/0 .event edge, v0x2390db0_0, v0x2390c50_0, v0x2390a60_0, v0x2390ba0_0;
E_0x238f9f0/1 .event edge, v0x2390fa0_0, v0x2391230_0;
E_0x238f9f0 .event/or E_0x238f9f0/0, E_0x238f9f0/1;
L_0x239f000 .cmp/eq 32, C4<00000000000000000000000000000000>, v0x23910a0_0;
L_0x239f140 .arith/sub 32, v0x2399270_0, L_0x239edb0;
L_0x239f2a0 .arith/sum 32, v0x2399270_0, L_0x239edb0;
L_0x239f3d0 .part v0x2399270_0, 31, 1;
L_0x239f500 .part L_0x239edb0, 31, 1;
L_0x239f5a0 .part L_0x239f2a0, 31, 1;
L_0x239f690 .part v0x2399270_0, 31, 1;
L_0x239f9b0 .functor MUXZ 1, C4<0>, C4<1>, L_0x239f830, C4<>;
L_0x239fb90 .part v0x2399270_0, 31, 1;
L_0x239fc30 .part L_0x239edb0, 31, 1;
L_0x239fde0 .part L_0x239f140, 31, 1;
L_0x239fed0 .part v0x2399270_0, 31, 1;
L_0x23a0220 .functor MUXZ 1, C4<0>, C4<1>, L_0x23a0010, C4<>;
L_0x23a0490 .cmp/eq 4, v0x2391540_0, C4<0010>;
L_0x23a0530 .functor MUXZ 1, L_0x23a0220, L_0x239f9b0, L_0x23a0490, C4<>;
L_0x23a06c0 .part v0x2399270_0, 31, 1;
L_0x23a0920 .part v0x2399270_0, 31, 1;
L_0x23a09c0 .functor MUXZ 1, L_0x23a0920, L_0x23a0870, L_0x23a0220, C4<>;
S_0x238f440 .scope module, "reg_zero_s3_s4" "regr" 3 278, 4 31, S_0x2354a00;
 .timescale 0 0;
P_0x238f538 .param/l "N" 4 38, +C4<01>;
v0x238f5f0_0 .net "clear", 0 0, C4<0>; 1 drivers
v0x238f690_0 .alias "clk", 0 0, v0x239b6b0_0;
v0x238f710_0 .net "hold", 0 0, C4<0>; 1 drivers
v0x238f7b0_0 .alias "in", 0 0, v0x239af00_0;
v0x238f860_0 .var "out", 0 0;
S_0x238efc0 .scope module, "reg_alurslt" "regr" 3 283, 4 31, S_0x2354a00;
 .timescale 0 0;
P_0x238f0b8 .param/l "N" 4 38, +C4<0100000>;
v0x238f160_0 .net "clear", 0 0, v0x2392c60_0; 1 drivers
v0x238f200_0 .alias "clk", 0 0, v0x239b6b0_0;
v0x238f280_0 .net "hold", 0 0, C4<0>; 1 drivers
v0x238f320_0 .net "in", 31 0, L_0x23a0c00; 1 drivers
v0x238f3a0_0 .var "out", 31 0;
S_0x238eb30 .scope module, "reg_data2_s3" "regr" 3 296, 4 31, S_0x2354a00;
 .timescale 0 0;
P_0x238ec28 .param/l "N" 4 38, +C4<0100000>;
v0x238ecd0_0 .alias "clear", 0 0, v0x238f160_0;
v0x238ed70_0 .alias "clk", 0 0, v0x239b6b0_0;
v0x238edf0_0 .net "hold", 0 0, C4<0>; 1 drivers
v0x238ee90_0 .net "in", 31 0, v0x2399080_0; 1 drivers
v0x238ef10_0 .var "out", 31 0;
S_0x238e5f0 .scope module, "reg_wrreg" "regr" 3 304, 4 31, S_0x2354a00;
 .timescale 0 0;
P_0x238e6e8 .param/l "N" 4 38, +C4<0101>;
v0x238e7a0_0 .alias "clear", 0 0, v0x238f160_0;
v0x238e8b0_0 .alias "clk", 0 0, v0x239b6b0_0;
v0x238e930_0 .net "hold", 0 0, C4<0>; 1 drivers
v0x238e9d0_0 .alias "in", 4 0, v0x239b100_0;
v0x238ea80_0 .var "out", 4 0;
S_0x238e0f0 .scope module, "branch_s3_s4" "regr" 3 308, 4 31, S_0x2354a00;
 .timescale 0 0;
P_0x238e1e8 .param/l "N" 4 38, +C4<010>;
v0x238e2a0_0 .alias "clear", 0 0, v0x238f160_0;
v0x238e320_0 .alias "clk", 0 0, v0x239b6b0_0;
v0x238d090_0 .net "hold", 0 0, C4<0>; 1 drivers
v0x238e4d0_0 .net "in", 1 0, L_0x23a0d70; 1 drivers
v0x238e550_0 .var "out", 1 0;
S_0x238dc50 .scope module, "baddr_s3_s4" "regr" 3 313, 4 31, S_0x2354a00;
 .timescale 0 0;
P_0x238dd48 .param/l "N" 4 38, +C4<0100000>;
v0x238de10_0 .alias "clear", 0 0, v0x238f160_0;
v0x238deb0_0 .alias "clk", 0 0, v0x239b6b0_0;
v0x238df30_0 .net "hold", 0 0, C4<0>; 1 drivers
v0x238dfd0_0 .alias "in", 31 0, v0x2398290_0;
v0x238e050_0 .var "out", 31 0;
S_0x238d7a0 .scope module, "reg_jump_s4" "regr" 3 317, 4 31, S_0x2354a00;
 .timescale 0 0;
P_0x238d898 .param/l "N" 4 38, +C4<01>;
v0x238d950_0 .alias "clear", 0 0, v0x238f160_0;
v0x238da00_0 .alias "clk", 0 0, v0x239b6b0_0;
v0x238da80_0 .net "hold", 0 0, C4<0>; 1 drivers
v0x238db00_0 .alias "in", 0 0, v0x2399580_0;
v0x238dbb0_0 .var "out", 0 0;
S_0x238d2e0 .scope module, "reg_jaddr_s4" "regr" 3 322, 4 31, S_0x2354a00;
 .timescale 0 0;
P_0x238d3d8 .param/l "N" 4 38, +C4<0100000>;
v0x238d4a0_0 .alias "clear", 0 0, v0x238f160_0;
v0x238d560_0 .alias "clk", 0 0, v0x239b6b0_0;
v0x238d5e0_0 .net "hold", 0 0, C4<0>; 1 drivers
v0x238d680_0 .alias "in", 31 0, v0x23993a0_0;
v0x238d700_0 .var "out", 31 0;
S_0x238ce00 .scope module, "reg_regwrite_s4" "regr" 3 330, 4 31, S_0x2354a00;
 .timescale 0 0;
P_0x238c8c8 .param/l "N" 4 38, +C4<010>;
v0x238cf70_0 .net "clear", 0 0, C4<0>; 1 drivers
v0x238d010_0 .alias "clk", 0 0, v0x239b6b0_0;
v0x238d120_0 .net "hold", 0 0, C4<0>; 1 drivers
v0x238d1c0_0 .net "in", 1 0, L_0x23a1280; 1 drivers
v0x238d240_0 .var "out", 1 0;
S_0x238c6b0 .scope module, "dm1" "dm" 3 336, 10 21, S_0x2354a00;
 .timescale 0 0;
P_0x238c7a8 .param/l "NMEM" 10 28, +C4<010100>;
P_0x238c7d0 .param/str "RM_DATA" 10 30, "dm_data.txt";
v0x238c930_0 .net *"_s0", 31 0, L_0x23a1370; 1 drivers
v0x238c9f0_0 .net "addr", 6 0, L_0x23a1710; 1 drivers
v0x238ca90_0 .alias "clk", 0 0, v0x239b6b0_0;
v0x238cb10 .array "mem", 127 0, 31 0;
v0x238cb90_0 .alias "rd", 0 0, v0x2399830_0;
v0x238cc10_0 .alias "rdata", 31 0, v0x239a590_0;
v0x238cc90_0 .alias "wdata", 31 0, v0x2398d20_0;
v0x238cd10_0 .alias "wr", 0 0, v0x239a000_0;
L_0x23a1370 .array/port v0x238cb10, L_0x23a1710;
L_0x23a1410 .functor MUXZ 32, L_0x23a1370, v0x238ef10_0, L_0x239e9a0, C4<>;
S_0x238c1a0 .scope module, "reg_rdata_s4" "regr" 3 340, 4 31, S_0x2354a00;
 .timescale 0 0;
P_0x238c298 .param/l "N" 4 38, +C4<0100000>;
v0x238c360_0 .net "clear", 0 0, C4<0>; 1 drivers
v0x238c420_0 .alias "clk", 0 0, v0x239b6b0_0;
v0x238c4f0_0 .net "hold", 0 0, C4<0>; 1 drivers
v0x238c590_0 .alias "in", 31 0, v0x239a590_0;
v0x238c610_0 .var "out", 31 0;
S_0x238bcd0 .scope module, "reg_alurslt_s4" "regr" 3 346, 4 31, S_0x2354a00;
 .timescale 0 0;
P_0x238bdc8 .param/l "N" 4 38, +C4<0100000>;
v0x238be90_0 .net "clear", 0 0, C4<0>; 1 drivers
v0x238bf50_0 .alias "clk", 0 0, v0x239b6b0_0;
v0x238bfd0_0 .net "hold", 0 0, C4<0>; 1 drivers
v0x238c050_0 .alias "in", 31 0, v0x2398030_0;
v0x238c100_0 .var "out", 31 0;
S_0x236dde0 .scope module, "reg_wrreg_s4" "regr" 3 351, 4 31, S_0x2354a00;
 .timescale 0 0;
P_0x23492d8 .param/l "N" 4 38, +C4<0101>;
v0x2355f60_0 .net "clear", 0 0, C4<0>; 1 drivers
v0x238ba40_0 .alias "clk", 0 0, v0x239b6b0_0;
v0x238bae0_0 .net "hold", 0 0, C4<0>; 1 drivers
v0x238bb80_0 .alias "in", 4 0, v0x239b1b0_0;
v0x238bc30_0 .var "out", 4 0;
E_0x234e8f0 .event posedge, v0x238ba40_0;
    .scope S_0x239b540;
T_0 ;
    %set/v v0x239b630_0, 1, 1;
    %end;
    .thread T_0;
    .scope S_0x239b540;
T_1 ;
    %load/v 8, v0x239b630_0, 1;
    %inv 8, 1;
    %set/v v0x239b050_0, 8, 1;
    %movi 8, 1, 2;
    %ix/get 0, 8, 2;
    %delayx 0;
    %load/v 8, v0x239b050_0, 1;
    %set/v v0x239b630_0, 8, 1;
    %jmp T_1;
    .thread T_1;
    .scope S_0x2396fc0;
T_2 ;
    %wait E_0x234e8f0;
    %load/v 8, v0x2397130_0, 1;
    %jmp/0xz  T_2.0, 8;
    %ix/load 0, 32, 0;
    %assign/v0 v0x2397360_0, 0, 0;
    %jmp T_2.1;
T_2.0 ;
    %load/v 8, v0x2397230_0, 1;
    %jmp/0xz  T_2.2, 8;
    %load/v 8, v0x2397360_0, 32;
    %ix/load 0, 32, 0;
    %assign/v0 v0x2397360_0, 0, 8;
    %jmp T_2.3;
T_2.2 ;
    %load/v 8, v0x23972b0_0, 32;
    %ix/load 0, 32, 0;
    %assign/v0 v0x2397360_0, 0, 8;
T_2.3 ;
T_2.1 ;
    %jmp T_2;
    .thread T_2;
    .scope S_0x23968a0;
T_3 ;
    %vpi_call 5 36 "$readmemh", P_0x2396998, v0x2396f00, 1'sb0, 6'sb010011;
    %end;
    .thread T_3;
    .scope S_0x2396460;
T_4 ;
    %wait E_0x234e8f0;
    %load/v 8, v0x23965c0_0, 1;
    %jmp/0xz  T_4.0, 8;
    %ix/load 0, 32, 0;
    %assign/v0 v0x2396800_0, 0, 0;
    %jmp T_4.1;
T_4.0 ;
    %load/v 8, v0x2396700_0, 1;
    %jmp/0xz  T_4.2, 8;
    %load/v 8, v0x2396800_0, 32;
    %ix/load 0, 32, 0;
    %assign/v0 v0x2396800_0, 0, 8;
    %jmp T_4.3;
T_4.2 ;
    %load/v 8, v0x2396780_0, 32;
    %ix/load 0, 32, 0;
    %assign/v0 v0x2396800_0, 0, 8;
T_4.3 ;
T_4.1 ;
    %jmp T_4;
    .thread T_4;
    .scope S_0x23952d0;
T_5 ;
    %vpi_call 6 42 "$readmemh", P_0x23953f0, v0x2395b30, 1'sb0, 6'sb010011;
    %end;
    .thread T_5;
    .scope S_0x23952d0;
T_6 ;
    %end;
    .thread T_6;
    .scope S_0x23952d0;
T_7 ;
    %wait E_0x23954e0;
    %load/v 8, v0x23960c0_0, 5;
    %cmpi/u 8, 0, 5;
    %jmp/0xz  T_7.0, 4;
    %set/v v0x2395800_0, 0, 32;
    %jmp T_7.1;
T_7.0 ;
    %load/v 8, v0x23960c0_0, 5;
    %load/v 13, v0x23963b0_0, 5;
    %cmp/u 8, 13, 5;
    %mov 8, 4, 1;
    %load/v 9, v0x2396210_0, 1;
    %and 8, 9, 1;
    %jmp/0xz  T_7.2, 8;
    %load/v 8, v0x23962b0_0, 32;
    %set/v v0x2395800_0, 8, 32;
    %jmp T_7.3;
T_7.2 ;
    %ix/getv 3, v0x23960c0_0;
    %load/av 8, v0x2395b30, 32;
    %set/v v0x2395800_0, 8, 32;
T_7.3 ;
T_7.1 ;
    %jmp T_7;
    .thread T_7, $push;
    .scope S_0x23952d0;
T_8 ;
    %wait E_0x2395510;
    %load/v 8, v0x2396140_0, 5;
    %cmpi/u 8, 0, 5;
    %jmp/0xz  T_8.0, 4;
    %set/v v0x23958c0_0, 0, 32;
    %jmp T_8.1;
T_8.0 ;
    %load/v 8, v0x2396140_0, 5;
    %load/v 13, v0x23963b0_0, 5;
    %cmp/u 8, 13, 5;
    %mov 8, 4, 1;
    %load/v 9, v0x2396210_0, 1;
    %and 8, 9, 1;
    %jmp/0xz  T_8.2, 8;
    %load/v 8, v0x23962b0_0, 32;
    %set/v v0x23958c0_0, 8, 32;
    %jmp T_8.3;
T_8.2 ;
    %ix/getv 3, v0x2396140_0;
    %load/av 8, v0x2395b30, 32;
    %set/v v0x23958c0_0, 8, 32;
T_8.3 ;
T_8.1 ;
    %jmp T_8;
    .thread T_8, $push;
    .scope S_0x23952d0;
T_9 ;
    %wait E_0x234e8f0;
    %load/v 8, v0x2396210_0, 1;
    %load/v 9, v0x23963b0_0, 5;
    %cmpi/u 9, 0, 5;
    %inv 4, 1;
    %mov 9, 4, 1;
    %and 8, 9, 1;
    %jmp/0xz  T_9.0, 8;
    %load/v 8, v0x23962b0_0, 32;
    %ix/getv 3, v0x23963b0_0;
    %jmp/1 t_0, 4;
    %ix/load 0, 32, 0; word width
    %ix/load 1, 0, 0; part off
    %assign/av v0x2395b30, 0, 8;
t_0 ;
T_9.0 ;
    %jmp T_9;
    .thread T_9;
    .scope S_0x2394ee0;
T_10 ;
    %wait E_0x234e8f0;
    %load/v 8, v0x2394ff0_0, 1;
    %jmp/0xz  T_10.0, 8;
    %ix/load 0, 5, 0;
    %assign/v0 v0x2395230_0, 0, 0;
    %jmp T_10.1;
T_10.0 ;
    %load/v 8, v0x2395110_0, 1;
    %jmp/0xz  T_10.2, 8;
    %load/v 8, v0x2395230_0, 5;
    %ix/load 0, 5, 0;
    %assign/v0 v0x2395230_0, 0, 8;
    %jmp T_10.3;
T_10.2 ;
    %load/v 8, v0x2395190_0, 5;
    %ix/load 0, 5, 0;
    %assign/v0 v0x2395230_0, 0, 8;
T_10.3 ;
T_10.1 ;
    %jmp T_10;
    .thread T_10;
    .scope S_0x23949d0;
T_11 ;
    %wait E_0x234e8f0;
    %load/v 8, v0x2394b90_0, 1;
    %jmp/0xz  T_11.0, 8;
    %ix/load 0, 64, 0;
    %assign/v0 v0x2394e40_0, 0, 0;
    %jmp T_11.1;
T_11.0 ;
    %load/v 8, v0x2394cb0_0, 1;
    %jmp/0xz  T_11.2, 8;
    %load/v 8, v0x2394e40_0, 64;
    %ix/load 0, 64, 0;
    %assign/v0 v0x2394e40_0, 0, 8;
    %jmp T_11.3;
T_11.2 ;
    %load/v 8, v0x2394dc0_0, 64;
    %ix/load 0, 64, 0;
    %assign/v0 v0x2394e40_0, 0, 8;
T_11.3 ;
T_11.1 ;
    %jmp T_11;
    .thread T_11;
    .scope S_0x2394550;
T_12 ;
    %wait E_0x234e8f0;
    %load/v 8, v0x2394710_0, 1;
    %jmp/0xz  T_12.0, 8;
    %ix/load 0, 32, 0;
    %assign/v0 v0x2394930_0, 0, 0;
    %jmp T_12.1;
T_12.0 ;
    %load/v 8, v0x2394830_0, 1;
    %jmp/0xz  T_12.2, 8;
    %load/v 8, v0x2394930_0, 32;
    %ix/load 0, 32, 0;
    %assign/v0 v0x2394930_0, 0, 8;
    %jmp T_12.3;
T_12.2 ;
    %load/v 8, v0x23948b0_0, 32;
    %ix/load 0, 32, 0;
    %assign/v0 v0x2394930_0, 0, 8;
T_12.3 ;
T_12.1 ;
    %jmp T_12;
    .thread T_12;
    .scope S_0x2394100;
T_13 ;
    %wait E_0x234e8f0;
    %load/v 8, v0x23942b0_0, 1;
    %jmp/0xz  T_13.0, 8;
    %ix/load 0, 10, 0;
    %assign/v0 v0x23944b0_0, 0, 0;
    %jmp T_13.1;
T_13.0 ;
    %load/v 8, v0x23943b0_0, 1;
    %jmp/0xz  T_13.2, 8;
    %load/v 8, v0x23944b0_0, 10;
    %ix/load 0, 10, 0;
    %assign/v0 v0x23944b0_0, 0, 8;
    %jmp T_13.3;
T_13.2 ;
    %load/v 8, v0x2394430_0, 10;
    %ix/load 0, 10, 0;
    %assign/v0 v0x23944b0_0, 0, 8;
T_13.3 ;
T_13.1 ;
    %jmp T_13;
    .thread T_13;
    .scope S_0x2393cc0;
T_14 ;
    %wait E_0x234e8f0;
    %load/v 8, v0x2393e10_0, 1;
    %jmp/0xz  T_14.0, 8;
    %ix/load 0, 32, 0;
    %assign/v0 v0x2394080_0, 0, 0;
    %jmp T_14.1;
T_14.0 ;
    %load/v 8, v0x2393f50_0, 1;
    %jmp/0xz  T_14.2, 8;
    %load/v 8, v0x2394080_0, 32;
    %ix/load 0, 32, 0;
    %assign/v0 v0x2394080_0, 0, 8;
    %jmp T_14.3;
T_14.2 ;
    %load/v 8, v0x2393fd0_0, 32;
    %ix/load 0, 32, 0;
    %assign/v0 v0x2394080_0, 0, 8;
T_14.3 ;
T_14.1 ;
    %jmp T_14;
    .thread T_14;
    .scope S_0x2393420;
T_15 ;
    %wait E_0x2393510;
    %movi 8, 2, 2;
    %ix/load 0, 2, 0;
    %assign/v0 v0x2393580_0, 0, 8;
    %ix/load 0, 1, 0;
    %assign/v0 v0x2393640_0, 0, 0;
    %ix/load 0, 1, 0;
    %assign/v0 v0x23936e0_0, 0, 0;
    %ix/load 0, 1, 0;
    %assign/v0 v0x2393780_0, 0, 0;
    %ix/load 0, 1, 0;
    %assign/v0 v0x23938e0_0, 0, 0;
    %ix/load 0, 1, 0;
    %assign/v0 v0x23939a0_0, 0, 0;
    %ix/load 0, 1, 0;
    %assign/v0 v0x2393a40_0, 0, 0;
    %ix/load 0, 1, 0;
    %assign/v0 v0x2393b80_0, 0, 1;
    %ix/load 0, 1, 0;
    %assign/v0 v0x2393c20_0, 0, 1;
    %ix/load 0, 1, 0;
    %assign/v0 v0x2393830_0, 0, 0;
    %load/v 8, v0x2393ae0_0, 6;
    %cmpi/u 8, 35, 6;
    %jmp/1 T_15.0, 6;
    %cmpi/u 8, 8, 6;
    %jmp/1 T_15.1, 6;
    %cmpi/u 8, 4, 6;
    %jmp/1 T_15.2, 6;
    %cmpi/u 8, 43, 6;
    %jmp/1 T_15.3, 6;
    %cmpi/u 8, 5, 6;
    %jmp/1 T_15.4, 6;
    %cmpi/u 8, 0, 6;
    %jmp/1 T_15.5, 6;
    %cmpi/u 8, 2, 6;
    %jmp/1 T_15.6, 6;
    %jmp T_15.7;
T_15.0 ;
    %ix/load 0, 1, 0;
    %assign/v0 v0x23938e0_0, 0, 1;
    %ix/load 0, 1, 0;
    %assign/v0 v0x2393b80_0, 0, 0;
    %ix/load 0, 1, 0;
    %assign/v0 v0x23939a0_0, 0, 1;
    %ix/load 0, 1, 0;
    %ix/load 1, 1, 0;
    %assign/v0/x1 v0x2393580_0, 0, 0;
    %ix/load 0, 1, 0;
    %assign/v0 v0x2393640_0, 0, 1;
    %jmp T_15.7;
T_15.1 ;
    %ix/load 0, 1, 0;
    %assign/v0 v0x2393b80_0, 0, 0;
    %ix/load 0, 1, 0;
    %ix/load 1, 1, 0;
    %assign/v0/x1 v0x2393580_0, 0, 0;
    %ix/load 0, 1, 0;
    %assign/v0 v0x2393640_0, 0, 1;
    %jmp T_15.7;
T_15.2 ;
    %ix/load 0, 1, 0;
    %ix/load 1, 0, 0;
    %assign/v0/x1 v0x2393580_0, 0, 1;
    %ix/load 0, 1, 0;
    %ix/load 1, 1, 0;
    %assign/v0/x1 v0x2393580_0, 0, 0;
    %ix/load 0, 1, 0;
    %assign/v0 v0x23936e0_0, 0, 1;
    %ix/load 0, 1, 0;
    %assign/v0 v0x2393c20_0, 0, 0;
    %jmp T_15.7;
T_15.3 ;
    %ix/load 0, 1, 0;
    %assign/v0 v0x2393a40_0, 0, 1;
    %ix/load 0, 1, 0;
    %ix/load 1, 1, 0;
    %assign/v0/x1 v0x2393580_0, 0, 0;
    %ix/load 0, 1, 0;
    %assign/v0 v0x2393640_0, 0, 1;
    %ix/load 0, 1, 0;
    %assign/v0 v0x2393c20_0, 0, 0;
    %jmp T_15.7;
T_15.4 ;
    %ix/load 0, 1, 0;
    %ix/load 1, 0, 0;
    %assign/v0/x1 v0x2393580_0, 0, 1;
    %ix/load 0, 1, 0;
    %ix/load 1, 1, 0;
    %assign/v0/x1 v0x2393580_0, 0, 0;
    %ix/load 0, 1, 0;
    %assign/v0 v0x2393780_0, 0, 1;
    %ix/load 0, 1, 0;
    %assign/v0 v0x2393c20_0, 0, 0;
    %jmp T_15.7;
T_15.5 ;
    %jmp T_15.7;
T_15.6 ;
    %ix/load 0, 1, 0;
    %assign/v0 v0x2393830_0, 0, 1;
    %jmp T_15.7;
T_15.7 ;
    %jmp T_15;
    .thread T_15, $push;
    .scope S_0x2392f60;
T_16 ;
    %wait E_0x234e8f0;
    %load/v 8, v0x2393110_0, 1;
    %jmp/0xz  T_16.0, 8;
    %ix/load 0, 8, 0;
    %assign/v0 v0x2393380_0, 0, 0;
    %jmp T_16.1;
T_16.0 ;
    %load/v 8, v0x2393230_0, 1;
    %jmp/0xz  T_16.2, 8;
    %load/v 8, v0x2393380_0, 8;
    %ix/load 0, 8, 0;
    %assign/v0 v0x2393380_0, 0, 8;
    %jmp T_16.3;
T_16.2 ;
    %load/v 8, v0x23932d0_0, 8;
    %ix/load 0, 8, 0;
    %assign/v0 v0x2393380_0, 0, 8;
T_16.3 ;
T_16.1 ;
    %jmp T_16;
    .thread T_16;
    .scope S_0x2392a90;
T_17 ;
    %wait E_0x234e8f0;
    %load/v 8, v0x2392be0_0, 1;
    %jmp/0xz  T_17.0, 8;
    %ix/load 0, 2, 0;
    %assign/v0 v0x2392ec0_0, 0, 0;
    %jmp T_17.1;
T_17.0 ;
    %load/v 8, v0x2392d70_0, 1;
    %jmp/0xz  T_17.2, 8;
    %load/v 8, v0x2392ec0_0, 2;
    %ix/load 0, 2, 0;
    %assign/v0 v0x2392ec0_0, 0, 8;
    %jmp T_17.3;
T_17.2 ;
    %load/v 8, v0x2392e10_0, 2;
    %ix/load 0, 2, 0;
    %assign/v0 v0x2392ec0_0, 0, 8;
T_17.3 ;
T_17.1 ;
    %jmp T_17;
    .thread T_17;
    .scope S_0x23924c0;
T_18 ;
    %wait E_0x234e8f0;
    %load/v 8, v0x2392660_0, 1;
    %jmp/0xz  T_18.0, 8;
    %ix/load 0, 32, 0;
    %assign/v0 v0x2392a10_0, 0, 0;
    %jmp T_18.1;
T_18.0 ;
    %load/v 8, v0x238e3a0_0, 1;
    %jmp/0xz  T_18.2, 8;
    %load/v 8, v0x2392a10_0, 32;
    %ix/load 0, 32, 0;
    %assign/v0 v0x2392a10_0, 0, 8;
    %jmp T_18.3;
T_18.2 ;
    %load/v 8, v0x2392990_0, 32;
    %ix/load 0, 32, 0;
    %assign/v0 v0x2392a10_0, 0, 8;
T_18.3 ;
T_18.1 ;
    %jmp T_18;
    .thread T_18;
    .scope S_0x2392060;
T_19 ;
    %wait E_0x234e8f0;
    %load/v 8, v0x23921f0_0, 1;
    %jmp/0xz  T_19.0, 8;
    %ix/load 0, 1, 0;
    %assign/v0 v0x2392410_0, 0, 0;
    %jmp T_19.1;
T_19.0 ;
    %load/v 8, v0x23922f0_0, 1;
    %jmp/0xz  T_19.2, 8;
    %load/v 8, v0x2392410_0, 1;
    %ix/load 0, 1, 0;
    %assign/v0 v0x2392410_0, 0, 8;
    %jmp T_19.3;
T_19.2 ;
    %load/v 8, v0x2392390_0, 1;
    %ix/load 0, 1, 0;
    %assign/v0 v0x2392410_0, 0, 8;
T_19.3 ;
T_19.1 ;
    %jmp T_19;
    .thread T_19;
    .scope S_0x2391ba0;
T_20 ;
    %wait E_0x234e8f0;
    %load/v 8, v0x2391d60_0, 1;
    %jmp/0xz  T_20.0, 8;
    %ix/load 0, 32, 0;
    %assign/v0 v0x2391fb0_0, 0, 0;
    %jmp T_20.1;
T_20.0 ;
    %load/v 8, v0x2391e80_0, 1;
    %jmp/0xz  T_20.2, 8;
    %load/v 8, v0x2391fb0_0, 32;
    %ix/load 0, 32, 0;
    %assign/v0 v0x2391fb0_0, 0, 8;
    %jmp T_20.3;
T_20.2 ;
    %load/v 8, v0x2391f00_0, 32;
    %ix/load 0, 32, 0;
    %assign/v0 v0x2391fb0_0, 0, 8;
T_20.3 ;
T_20.1 ;
    %jmp T_20;
    .thread T_20;
    .scope S_0x2391720;
T_21 ;
    %wait E_0x234e8f0;
    %load/v 8, v0x2391890_0, 1;
    %jmp/0xz  T_21.0, 8;
    %ix/load 0, 4, 0;
    %assign/v0 v0x2391b00_0, 0, 0;
    %jmp T_21.1;
T_21.0 ;
    %load/v 8, v0x23919b0_0, 1;
    %jmp/0xz  T_21.2, 8;
    %load/v 8, v0x2391b00_0, 4;
    %ix/load 0, 4, 0;
    %assign/v0 v0x2391b00_0, 0, 8;
    %jmp T_21.3;
T_21.2 ;
    %load/v 8, v0x2391a50_0, 4;
    %ix/load 0, 4, 0;
    %assign/v0 v0x2391b00_0, 0, 8;
T_21.3 ;
T_21.1 ;
    %jmp T_21;
    .thread T_21;
    .scope S_0x23913d0;
T_22 ;
    %wait E_0x23911a0;
    %load/v 8, v0x2391670_0, 4; Only need 4 of 6 bits
; Save base=8 wid=4 in lookaside.
    %cmpi/u 8, 0, 4;
    %jmp/1 T_22.0, 6;
    %cmpi/u 8, 2, 4;
    %jmp/1 T_22.1, 6;
    %cmpi/u 8, 5, 4;
    %jmp/1 T_22.2, 6;
    %cmpi/u 8, 6, 4;
    %jmp/1 T_22.3, 6;
    %cmpi/u 8, 7, 4;
    %jmp/1 T_22.4, 6;
    %cmpi/u 8, 10, 4;
    %jmp/1 T_22.5, 6;
    %set/v v0x23914c0_0, 0, 4;
    %jmp T_22.7;
T_22.0 ;
    %movi 8, 2, 4;
    %set/v v0x23914c0_0, 8, 4;
    %jmp T_22.7;
T_22.1 ;
    %movi 8, 6, 4;
    %set/v v0x23914c0_0, 8, 4;
    %jmp T_22.7;
T_22.2 ;
    %movi 8, 1, 4;
    %set/v v0x23914c0_0, 8, 4;
    %jmp T_22.7;
T_22.3 ;
    %movi 8, 13, 4;
    %set/v v0x23914c0_0, 8, 4;
    %jmp T_22.7;
T_22.4 ;
    %movi 8, 12, 4;
    %set/v v0x23914c0_0, 8, 4;
    %jmp T_22.7;
T_22.5 ;
    %movi 8, 7, 4;
    %set/v v0x23914c0_0, 8, 4;
    %jmp T_22.7;
T_22.7 ;
    %jmp T_22;
    .thread T_22, $push;
    .scope S_0x23913d0;
T_23 ;
    %wait E_0x2391040;
    %load/v 8, v0x23915f0_0, 2;
    %cmpi/u 8, 0, 2;
    %jmp/1 T_23.0, 6;
    %cmpi/u 8, 1, 2;
    %jmp/1 T_23.1, 6;
    %cmpi/u 8, 2, 2;
    %jmp/1 T_23.2, 6;
    %cmpi/u 8, 3, 2;
    %jmp/1 T_23.3, 6;
    %set/v v0x2391540_0, 0, 4;
    %jmp T_23.5;
T_23.0 ;
    %movi 8, 2, 4;
    %set/v v0x2391540_0, 8, 4;
    %jmp T_23.5;
T_23.1 ;
    %movi 8, 6, 4;
    %set/v v0x2391540_0, 8, 4;
    %jmp T_23.5;
T_23.2 ;
    %load/v 8, v0x23914c0_0, 4;
    %set/v v0x2391540_0, 8, 4;
    %jmp T_23.5;
T_23.3 ;
    %movi 8, 2, 4;
    %set/v v0x2391540_0, 8, 4;
    %jmp T_23.5;
T_23.5 ;
    %jmp T_23;
    .thread T_23, $push;
    .scope S_0x238f900;
T_24 ;
    %wait E_0x238f9f0;
    %load/v 8, v0x2390db0_0, 4;
    %cmpi/u 8, 2, 4;
    %jmp/1 T_24.0, 6;
    %cmpi/u 8, 0, 4;
    %jmp/1 T_24.1, 6;
    %cmpi/u 8, 12, 4;
    %jmp/1 T_24.2, 6;
    %cmpi/u 8, 1, 4;
    %jmp/1 T_24.3, 6;
    %cmpi/u 8, 7, 4;
    %jmp/1 T_24.4, 6;
    %cmpi/u 8, 6, 4;
    %jmp/1 T_24.5, 6;
    %cmpi/u 8, 13, 4;
    %jmp/1 T_24.6, 6;
    %ix/load 0, 32, 0;
    %assign/v0 v0x23910a0_0, 0, 0;
    %jmp T_24.8;
T_24.0 ;
    %load/v 8, v0x2390c50_0, 32;
    %ix/load 0, 32, 0;
    %assign/v0 v0x23910a0_0, 0, 8;
    %jmp T_24.8;
T_24.1 ;
    %load/v 8, v0x2390a60_0, 32;
    %load/v 40, v0x2390ba0_0, 32;
    %and 8, 40, 32;
    %ix/load 0, 32, 0;
    %assign/v0 v0x23910a0_0, 0, 8;
    %jmp T_24.8;
T_24.2 ;
    %load/v 8, v0x2390a60_0, 32;
    %load/v 40, v0x2390ba0_0, 32;
    %or 8, 40, 32;
    %inv 8, 32;
    %ix/load 0, 32, 0;
    %assign/v0 v0x23910a0_0, 0, 8;
    %jmp T_24.8;
T_24.3 ;
    %load/v 8, v0x2390a60_0, 32;
    %load/v 40, v0x2390ba0_0, 32;
    %or 8, 40, 32;
    %ix/load 0, 32, 0;
    %assign/v0 v0x23910a0_0, 0, 8;
    %jmp T_24.8;
T_24.4 ;
    %load/v 8, v0x2390fa0_0, 1;
    %mov 9, 0, 31;
    %ix/load 0, 32, 0;
    %assign/v0 v0x23910a0_0, 0, 8;
    %jmp T_24.8;
T_24.5 ;
    %load/v 8, v0x2391230_0, 32;
    %ix/load 0, 32, 0;
    %assign/v0 v0x23910a0_0, 0, 8;
    %jmp T_24.8;
T_24.6 ;
    %load/v 8, v0x2390a60_0, 32;
    %load/v 40, v0x2390ba0_0, 32;
    %xor 8, 40, 32;
    %ix/load 0, 32, 0;
    %assign/v0 v0x23910a0_0, 0, 8;
    %jmp T_24.8;
T_24.8 ;
    %jmp T_24;
    .thread T_24, $push;
    .scope S_0x238f440;
T_25 ;
    %wait E_0x234e8f0;
    %load/v 8, v0x238f5f0_0, 1;
    %jmp/0xz  T_25.0, 8;
    %ix/load 0, 1, 0;
    %assign/v0 v0x238f860_0, 0, 0;
    %jmp T_25.1;
T_25.0 ;
    %load/v 8, v0x238f710_0, 1;
    %jmp/0xz  T_25.2, 8;
    %load/v 8, v0x238f860_0, 1;
    %ix/load 0, 1, 0;
    %assign/v0 v0x238f860_0, 0, 8;
    %jmp T_25.3;
T_25.2 ;
    %load/v 8, v0x238f7b0_0, 1;
    %ix/load 0, 1, 0;
    %assign/v0 v0x238f860_0, 0, 8;
T_25.3 ;
T_25.1 ;
    %jmp T_25;
    .thread T_25;
    .scope S_0x238efc0;
T_26 ;
    %wait E_0x234e8f0;
    %load/v 8, v0x238f160_0, 1;
    %jmp/0xz  T_26.0, 8;
    %ix/load 0, 32, 0;
    %assign/v0 v0x238f3a0_0, 0, 0;
    %jmp T_26.1;
T_26.0 ;
    %load/v 8, v0x238f280_0, 1;
    %jmp/0xz  T_26.2, 8;
    %load/v 8, v0x238f3a0_0, 32;
    %ix/load 0, 32, 0;
    %assign/v0 v0x238f3a0_0, 0, 8;
    %jmp T_26.3;
T_26.2 ;
    %load/v 8, v0x238f320_0, 32;
    %ix/load 0, 32, 0;
    %assign/v0 v0x238f3a0_0, 0, 8;
T_26.3 ;
T_26.1 ;
    %jmp T_26;
    .thread T_26;
    .scope S_0x238eb30;
T_27 ;
    %wait E_0x234e8f0;
    %load/v 8, v0x238ecd0_0, 1;
    %jmp/0xz  T_27.0, 8;
    %ix/load 0, 32, 0;
    %assign/v0 v0x238ef10_0, 0, 0;
    %jmp T_27.1;
T_27.0 ;
    %load/v 8, v0x238edf0_0, 1;
    %jmp/0xz  T_27.2, 8;
    %load/v 8, v0x238ef10_0, 32;
    %ix/load 0, 32, 0;
    %assign/v0 v0x238ef10_0, 0, 8;
    %jmp T_27.3;
T_27.2 ;
    %load/v 8, v0x238ee90_0, 32;
    %ix/load 0, 32, 0;
    %assign/v0 v0x238ef10_0, 0, 8;
T_27.3 ;
T_27.1 ;
    %jmp T_27;
    .thread T_27;
    .scope S_0x238e5f0;
T_28 ;
    %wait E_0x234e8f0;
    %load/v 8, v0x238e7a0_0, 1;
    %jmp/0xz  T_28.0, 8;
    %ix/load 0, 5, 0;
    %assign/v0 v0x238ea80_0, 0, 0;
    %jmp T_28.1;
T_28.0 ;
    %load/v 8, v0x238e930_0, 1;
    %jmp/0xz  T_28.2, 8;
    %load/v 8, v0x238ea80_0, 5;
    %ix/load 0, 5, 0;
    %assign/v0 v0x238ea80_0, 0, 8;
    %jmp T_28.3;
T_28.2 ;
    %load/v 8, v0x238e9d0_0, 5;
    %ix/load 0, 5, 0;
    %assign/v0 v0x238ea80_0, 0, 8;
T_28.3 ;
T_28.1 ;
    %jmp T_28;
    .thread T_28;
    .scope S_0x238e0f0;
T_29 ;
    %wait E_0x234e8f0;
    %load/v 8, v0x238e2a0_0, 1;
    %jmp/0xz  T_29.0, 8;
    %ix/load 0, 2, 0;
    %assign/v0 v0x238e550_0, 0, 0;
    %jmp T_29.1;
T_29.0 ;
    %load/v 8, v0x238d090_0, 1;
    %jmp/0xz  T_29.2, 8;
    %load/v 8, v0x238e550_0, 2;
    %ix/load 0, 2, 0;
    %assign/v0 v0x238e550_0, 0, 8;
    %jmp T_29.3;
T_29.2 ;
    %load/v 8, v0x238e4d0_0, 2;
    %ix/load 0, 2, 0;
    %assign/v0 v0x238e550_0, 0, 8;
T_29.3 ;
T_29.1 ;
    %jmp T_29;
    .thread T_29;
    .scope S_0x238dc50;
T_30 ;
    %wait E_0x234e8f0;
    %load/v 8, v0x238de10_0, 1;
    %jmp/0xz  T_30.0, 8;
    %ix/load 0, 32, 0;
    %assign/v0 v0x238e050_0, 0, 0;
    %jmp T_30.1;
T_30.0 ;
    %load/v 8, v0x238df30_0, 1;
    %jmp/0xz  T_30.2, 8;
    %load/v 8, v0x238e050_0, 32;
    %ix/load 0, 32, 0;
    %assign/v0 v0x238e050_0, 0, 8;
    %jmp T_30.3;
T_30.2 ;
    %load/v 8, v0x238dfd0_0, 32;
    %ix/load 0, 32, 0;
    %assign/v0 v0x238e050_0, 0, 8;
T_30.3 ;
T_30.1 ;
    %jmp T_30;
    .thread T_30;
    .scope S_0x238d7a0;
T_31 ;
    %wait E_0x234e8f0;
    %load/v 8, v0x238d950_0, 1;
    %jmp/0xz  T_31.0, 8;
    %ix/load 0, 1, 0;
    %assign/v0 v0x238dbb0_0, 0, 0;
    %jmp T_31.1;
T_31.0 ;
    %load/v 8, v0x238da80_0, 1;
    %jmp/0xz  T_31.2, 8;
    %load/v 8, v0x238dbb0_0, 1;
    %ix/load 0, 1, 0;
    %assign/v0 v0x238dbb0_0, 0, 8;
    %jmp T_31.3;
T_31.2 ;
    %load/v 8, v0x238db00_0, 1;
    %ix/load 0, 1, 0;
    %assign/v0 v0x238dbb0_0, 0, 8;
T_31.3 ;
T_31.1 ;
    %jmp T_31;
    .thread T_31;
    .scope S_0x238d2e0;
T_32 ;
    %wait E_0x234e8f0;
    %load/v 8, v0x238d4a0_0, 1;
    %jmp/0xz  T_32.0, 8;
    %ix/load 0, 32, 0;
    %assign/v0 v0x238d700_0, 0, 0;
    %jmp T_32.1;
T_32.0 ;
    %load/v 8, v0x238d5e0_0, 1;
    %jmp/0xz  T_32.2, 8;
    %load/v 8, v0x238d700_0, 32;
    %ix/load 0, 32, 0;
    %assign/v0 v0x238d700_0, 0, 8;
    %jmp T_32.3;
T_32.2 ;
    %load/v 8, v0x238d680_0, 32;
    %ix/load 0, 32, 0;
    %assign/v0 v0x238d700_0, 0, 8;
T_32.3 ;
T_32.1 ;
    %jmp T_32;
    .thread T_32;
    .scope S_0x238ce00;
T_33 ;
    %wait E_0x234e8f0;
    %load/v 8, v0x238cf70_0, 1;
    %jmp/0xz  T_33.0, 8;
    %ix/load 0, 2, 0;
    %assign/v0 v0x238d240_0, 0, 0;
    %jmp T_33.1;
T_33.0 ;
    %load/v 8, v0x238d120_0, 1;
    %jmp/0xz  T_33.2, 8;
    %load/v 8, v0x238d240_0, 2;
    %ix/load 0, 2, 0;
    %assign/v0 v0x238d240_0, 0, 8;
    %jmp T_33.3;
T_33.2 ;
    %load/v 8, v0x238d1c0_0, 2;
    %ix/load 0, 2, 0;
    %assign/v0 v0x238d240_0, 0, 8;
T_33.3 ;
T_33.1 ;
    %jmp T_33;
    .thread T_33;
    .scope S_0x238c6b0;
T_34 ;
    %vpi_call 10 35 "$readmemh", P_0x238c7d0, v0x238cb10, 1'sb0, 6'sb010011;
    %end;
    .thread T_34;
    .scope S_0x238c6b0;
T_35 ;
    %wait E_0x234e8f0;
    %load/v 8, v0x238cd10_0, 1;
    %jmp/0xz  T_35.0, 8;
    %load/v 8, v0x238cc90_0, 32;
    %ix/getv 3, v0x238c9f0_0;
    %jmp/1 t_1, 4;
    %ix/load 0, 32, 0; word width
    %ix/load 1, 0, 0; part off
    %assign/av v0x238cb10, 0, 8;
t_1 ;
T_35.0 ;
    %jmp T_35;
    .thread T_35;
    .scope S_0x238c1a0;
T_36 ;
    %wait E_0x234e8f0;
    %load/v 8, v0x238c360_0, 1;
    %jmp/0xz  T_36.0, 8;
    %ix/load 0, 32, 0;
    %assign/v0 v0x238c610_0, 0, 0;
    %jmp T_36.1;
T_36.0 ;
    %load/v 8, v0x238c4f0_0, 1;
    %jmp/0xz  T_36.2, 8;
    %load/v 8, v0x238c610_0, 32;
    %ix/load 0, 32, 0;
    %assign/v0 v0x238c610_0, 0, 8;
    %jmp T_36.3;
T_36.2 ;
    %load/v 8, v0x238c590_0, 32;
    %ix/load 0, 32, 0;
    %assign/v0 v0x238c610_0, 0, 8;
T_36.3 ;
T_36.1 ;
    %jmp T_36;
    .thread T_36;
    .scope S_0x238bcd0;
T_37 ;
    %wait E_0x234e8f0;
    %load/v 8, v0x238be90_0, 1;
    %jmp/0xz  T_37.0, 8;
    %ix/load 0, 32, 0;
    %assign/v0 v0x238c100_0, 0, 0;
    %jmp T_37.1;
T_37.0 ;
    %load/v 8, v0x238bfd0_0, 1;
    %jmp/0xz  T_37.2, 8;
    %load/v 8, v0x238c100_0, 32;
    %ix/load 0, 32, 0;
    %assign/v0 v0x238c100_0, 0, 8;
    %jmp T_37.3;
T_37.2 ;
    %load/v 8, v0x238c050_0, 32;
    %ix/load 0, 32, 0;
    %assign/v0 v0x238c100_0, 0, 8;
T_37.3 ;
T_37.1 ;
    %jmp T_37;
    .thread T_37;
    .scope S_0x236dde0;
T_38 ;
    %wait E_0x234e8f0;
    %load/v 8, v0x2355f60_0, 1;
    %jmp/0xz  T_38.0, 8;
    %ix/load 0, 5, 0;
    %assign/v0 v0x238bc30_0, 0, 0;
    %jmp T_38.1;
T_38.0 ;
    %load/v 8, v0x238bae0_0, 1;
    %jmp/0xz  T_38.2, 8;
    %load/v 8, v0x238bc30_0, 5;
    %ix/load 0, 5, 0;
    %assign/v0 v0x238bc30_0, 0, 8;
    %jmp T_38.3;
T_38.2 ;
    %load/v 8, v0x238bb80_0, 5;
    %ix/load 0, 5, 0;
    %assign/v0 v0x238bc30_0, 0, 8;
T_38.3 ;
T_38.1 ;
    %jmp T_38;
    .thread T_38;
    .scope S_0x2354a00;
T_39 ;
    %vpi_call 3 44 "$display", "if_pc,    if_instr, id_regrs, id_regrt, ex_alua,  ex_alub,  ex_aluctl, mem_memdata, mem_memread, mem_memwrite, wb_regdata, wb_regwrite";
    %vpi_call 3 45 "$monitor", "PC=%x %x ||rs=%d rt=%d rd=%d||A=%x B=%x||w=%x Ram=%x R%xW%x||D=%x \012b=%x j=%x||Opcode=%x Func=%x||I=%x R=%x||D=%d alu=%x branch%x j%x||R=%x C=%d \012-------------------------------------------------------------------------------------------------------", v0x2399ea0_0, v0x2399480_0, v0x239a690_0, v0x239a7e0_0, v0x239a180_0, v0x2399270_0, v0x2398210_0, v0x2398d20_0, v0x239a590_0, v0x2399830_0, v0x239a000_0, v0x2394d30_0, v0x23984f0_0, v0x2399730_0, v0x2399df0_0, &PV<v0x2399500_0, 0, 6>, v0x239ad60_0, v0x2397f10_0, v0x239b1b0_0, v0x2398030_0, v0x239a100_0, v0x2399650_0, v0x239ae30_0, v0x23988c0_0;
    %end;
    .thread T_39;
    .scope S_0x2354a00;
T_40 ;
    %wait E_0x2356730;
    %ix/load 0, 1, 0;
    %assign/v0 v0x2398da0_0, 0, 0;
    %ix/load 0, 1, 0;
    %assign/v0 v0x2398c30_0, 0, 0;
    %ix/load 0, 1, 0;
    %assign/v0 v0x2392c60_0, 0, 0;
    %load/v 8, v0x239a100_0, 1;
    %load/v 9, v0x2399650_0, 1;
    %or 8, 9, 1;
    %jmp/0xz  T_40.0, 8;
    %ix/load 0, 1, 0;
    %assign/v0 v0x2398da0_0, 0, 1;
    %ix/load 0, 1, 0;
    %assign/v0 v0x2398c30_0, 0, 1;
    %ix/load 0, 1, 0;
    %assign/v0 v0x2392c60_0, 0, 1;
T_40.0 ;
    %jmp T_40;
    .thread T_40, $push;
    .scope S_0x2354a00;
T_41 ;
    %movi 8, 1, 6;
    %ix/load 0, 6, 0;
    %assign/v0 v0x23988c0_0, 0, 8;
    %end;
    .thread T_41;
    .scope S_0x2354a00;
T_42 ;
    %wait E_0x234e8f0;
    %load/v 8, v0x23988c0_0, 6;
    %mov 14, 0, 26;
    %addi 8, 1, 32;
    %ix/load 0, 6, 0;
    %assign/v0 v0x23988c0_0, 0, 8;
    %jmp T_42;
    .thread T_42;
    .scope S_0x2354a00;
T_43 ;
    %ix/load 0, 32, 0;
    %assign/v0 v0x2399ea0_0, 0, 0;
    %end;
    .thread T_43;
    .scope S_0x2354a00;
T_44 ;
    %wait E_0x234e8f0;
    %load/v 8, v0x239ab50_0, 1;
    %jmp/0xz  T_44.0, 8;
    %load/v 8, v0x2399ea0_0, 32;
    %ix/load 0, 32, 0;
    %assign/v0 v0x2399ea0_0, 0, 8;
    %jmp T_44.1;
T_44.0 ;
    %load/v 8, v0x239a100_0, 1;
    %jmp/0xz  T_44.2, 8;
    %load/v 8, v0x23984f0_0, 32;
    %ix/load 0, 32, 0;
    %assign/v0 v0x2399ea0_0, 0, 8;
    %jmp T_44.3;
T_44.2 ;
    %load/v 8, v0x2399650_0, 1;
    %jmp/0xz  T_44.4, 8;
    %load/v 8, v0x2399730_0, 32;
    %ix/load 0, 32, 0;
    %assign/v0 v0x2399ea0_0, 0, 8;
    %jmp T_44.5;
T_44.4 ;
    %load/v 8, v0x2399f50_0, 32;
    %ix/load 0, 32, 0;
    %assign/v0 v0x2399ea0_0, 0, 8;
T_44.5 ;
T_44.3 ;
T_44.1 ;
    %jmp T_44;
    .thread T_44;
    .scope S_0x2354a00;
T_45 ;
    %wait E_0x2353e50;
    %load/v 8, v0x2398e20_0, 2;
    %cmpi/u 8, 1, 2;
    %jmp/1 T_45.0, 6;
    %cmpi/u 8, 2, 2;
    %jmp/1 T_45.1, 6;
    %load/v 8, v0x2398b60_0, 32;
    %set/v v0x2399270_0, 8, 32;
    %jmp T_45.3;
T_45.0 ;
    %load/v 8, v0x2398030_0, 32;
    %set/v v0x2399270_0, 8, 32;
    %jmp T_45.3;
T_45.1 ;
    %load/v 8, v0x2394d30_0, 32;
    %set/v v0x2399270_0, 8, 32;
    %jmp T_45.3;
T_45.3 ;
    %jmp T_45;
    .thread T_45, $push;
    .scope S_0x2354a00;
T_46 ;
    %wait E_0x234e300;
    %load/v 8, v0x2398ea0_0, 2;
    %cmpi/u 8, 1, 2;
    %jmp/1 T_46.0, 6;
    %cmpi/u 8, 2, 2;
    %jmp/1 T_46.1, 6;
    %load/v 8, v0x2398a40_0, 32;
    %set/v v0x2399080_0, 8, 32;
    %jmp T_46.3;
T_46.0 ;
    %load/v 8, v0x2398030_0, 32;
    %set/v v0x2399080_0, 8, 32;
    %jmp T_46.3;
T_46.1 ;
    %load/v 8, v0x2394d30_0, 32;
    %set/v v0x2399080_0, 8, 32;
    %jmp T_46.3;
T_46.3 ;
    %jmp T_46;
    .thread T_46, $push;
    .scope S_0x2354a00;
T_47 ;
    %wait E_0x234d470;
    %load/v 8, v0x2398570_0, 1;
    %cmp/u 1, 8, 1;
    %jmp/1 T_47.0, 6;
    %load/v 8, v0x2398940_0, 1;
    %cmp/u 1, 8, 1;
    %jmp/1 T_47.1, 6;
    %ix/load 0, 1, 0;
    %assign/v0 v0x239a100_0, 0, 0;
    %jmp T_47.3;
T_47.0 ;
    %load/v 8, v0x239afd0_0, 1;
    %ix/load 0, 1, 0;
    %assign/v0 v0x239a100_0, 0, 8;
    %jmp T_47.3;
T_47.1 ;
    %load/v 8, v0x239afd0_0, 1;
    %inv 8, 1;
    %ix/load 0, 1, 0;
    %assign/v0 v0x239a100_0, 0, 8;
    %jmp T_47.3;
T_47.3 ;
    %jmp T_47;
    .thread T_47, $push;
    .scope S_0x2354a00;
T_48 ;
    %wait E_0x234c1e0;
    %load/v 8, v0x239a920_0, 1;
    %load/v 9, v0x239b1b0_0, 5;
    %load/v 14, v0x239a760_0, 5;
    %cmp/u 9, 14, 5;
    %mov 9, 4, 1;
    %and 8, 9, 1;
    %jmp/0xz  T_48.0, 8;
    %movi 8, 1, 2;
    %ix/load 0, 2, 0;
    %assign/v0 v0x2398e20_0, 0, 8;
    %jmp T_48.1;
T_48.0 ;
    %load/v 8, v0x239a9a0_0, 1;
    %load/v 9, v0x239ae30_0, 5;
    %load/v 14, v0x239a760_0, 5;
    %cmp/u 9, 14, 5;
    %mov 9, 4, 1;
    %and 8, 9, 1;
    %jmp/0xz  T_48.2, 8;
    %movi 8, 2, 2;
    %ix/load 0, 2, 0;
    %assign/v0 v0x2398e20_0, 0, 8;
    %jmp T_48.3;
T_48.2 ;
    %ix/load 0, 2, 0;
    %assign/v0 v0x2398e20_0, 0, 0;
T_48.3 ;
T_48.1 ;
    %load/v 8, v0x239a920_0, 1;
    %load/v 9, v0x239b1b0_0, 5;
    %load/v 14, v0x239a890_0, 5;
    %cmp/u 9, 14, 5;
    %mov 9, 4, 1;
    %and 8, 9, 1;
    %jmp/0xz  T_48.4, 8;
    %movi 8, 1, 2;
    %ix/load 0, 2, 0;
    %assign/v0 v0x2398ea0_0, 0, 8;
    %jmp T_48.5;
T_48.4 ;
    %load/v 8, v0x239a9a0_0, 1;
    %load/v 9, v0x239ae30_0, 5;
    %load/v 14, v0x239a890_0, 5;
    %cmp/u 9, 14, 5;
    %mov 9, 4, 1;
    %and 8, 9, 1;
    %jmp/0xz  T_48.6, 8;
    %movi 8, 2, 2;
    %ix/load 0, 2, 0;
    %assign/v0 v0x2398ea0_0, 0, 8;
    %jmp T_48.7;
T_48.6 ;
    %ix/load 0, 2, 0;
    %assign/v0 v0x2398ea0_0, 0, 0;
T_48.7 ;
T_48.5 ;
    %jmp T_48;
    .thread T_48, $push;
    .scope S_0x2354a00;
T_49 ;
    %wait E_0x2345bd0;
    %load/v 8, v0x2399a80_0, 1;
    %load/v 9, v0x239a7e0_0, 5;
    %load/v 14, v0x239a890_0, 5;
    %cmp/u 9, 14, 5;
    %mov 9, 4, 1;
    %load/v 10, v0x239a690_0, 5;
    %load/v 15, v0x239a890_0, 5;
    %cmp/u 10, 15, 5;
    %or 9, 4, 1;
    %and 8, 9, 1;
    %jmp/0xz  T_49.0, 8;
    %ix/load 0, 1, 0;
    %assign/v0 v0x239ab50_0, 0, 1;
    %jmp T_49.1;
T_49.0 ;
    %ix/load 0, 1, 0;
    %assign/v0 v0x239ab50_0, 0, 0;
T_49.1 ;
    %jmp T_49;
    .thread T_49, $push;
    .scope S_0x2364120;
T_50 ;
    %vpi_call 2 38 "$dumpfile", "test.vcd";
    %vpi_call 2 39 "$dumpvars", 1'sb0, S_0x2364120;
    %delay 20, 0;
    %vpi_call 2 41 "$finish";
    %end;
    .thread T_50;
# The file index is used to find the file name in the following table.
:file_names 11;
    "N/A";
    "<interactive>";
    "tb.v";
    "cpu.v";
    "./regr.v";
    "./im.v";
    "./regm.v";
    "./control.v";
    "./alu_control.v";
    "./alu.v";
    "./dm.v";
